Going to load module: license
[mod_license.c       :  10] module_start                  
[mod_license.c       :  12] module_start                  : *** License looks OK ***
Going to load module: signal
Going to load module: sigtran
[mod_sigtran.c       :1129] module_start                  : ckey=<msc_ip>, cptr=<10.21.11.2>
[mod_sigtran.c       :1129] module_start                  : ckey=<msc_port>, cptr=<3037>
[mod_sigtran.c       :1129] module_start                  : ckey=<gw_ip>, cptr=<10.21.193.67>
[mod_sigtran.c       :1129] module_start                  : ckey=<gw_port>, cptr=<2905>
[mod_sigtran.c       :1129] module_start                  : ckey=<msc_pc>, cptr=<2500>
[mod_sigtran.c       :1129] module_start                  : ckey=<gw_pc>, cptr=<2229>
[mod_sigtran.c       :1129] module_start                  : ckey=<hlr_gt>, cptr=<880150159840>
[mod_sigtran.c       :1129] module_start                  : ckey=<gw_gt>, cptr=<880150159936>
[mod_sigtran.c       :1129] module_start                  : ckey=<hlr_ssn>, cptr=<6>
[mod_sigtran.c       :1129] module_start                  : ckey=<gw_ssn>, cptr=<147>
[mod_sigtran.c       :1129] module_start                  : ckey=<app_url>, cptr=<http://127.0.0.1/ussd/mo.php>
[mod_sigtran.c       : 858] sigtran_tcap_init             
[mod_sigtran.c       : 912] sigtran_m3ua_hb_init          
[sigtran_tcap.c      : 977] sigtran_tcap_worker           
[m3ua.c              : 324] m3ua_octet_ASPUP              
[sigtran_tcap.c      :1020] map_init                      
[m3ua.c              :  14] m3ua_build                    
[m3ua.c              :  41] m3ua2octet                    
[m3ua.c              : 197] m3ua_free                     
[utils.c             : 107] sigtran_send_ASPUP            : Sending ASPUP
[sigtran_tcap.c      :1043] map_init                      : Going to create 1 MAP workers
Going to load module: http
[sigtran_tcap.c      : 985] sigtran_tcap_worker           : Waiting for data from SIGTRAN
[sigtran_tcap.c      :1211] map_stack_start               
[sigtran_tcap.c      :1228] map_stack_start               : Starting MAP Stack [0]
[sigtran_tcap.c      :1235] map_stack_start               : [0] Waiting for packets from TCAP worker thread.
[mod_http.c          : 422] module_start                  
Running event loop
[mod_sigtran.c       : 778] sigtran_on_data               
[mod_sigtran.c       : 766] sigtran_process_data          
[mod_sigtran.c       : 537] sigtran_state_machine         
[mod_sigtran.c       : 558] sigtran_state_machine         : From str:0 seq:0 (assoc:0x0) [20 bytes]:
[utils.c             : 145] sctp_handle_notification      : ^^^ assoc_change: state=0, error=0, instr=2 outstr=2
[mod_sigtran.c       : 778] sigtran_on_data               
[mod_sigtran.c       : 766] sigtran_process_data          
[mod_sigtran.c       : 537] sigtran_state_machine         
[mod_sigtran.c       : 558] sigtran_state_machine         : From str:0 seq:0 (assoc:0x5b) [8 bytes]:
[m3ua.c              : 126] octet2m3ua                    
[mod_sigtran.c       : 482] sigtran_state_aspsm           
[m3ua.c              : 197] m3ua_free                     
[mod_sigtran.c       : 558] sigtran_state_machine         : From str:0 seq:1 (assoc:0x5b) [16 bytes]:
[m3ua.c              : 126] octet2m3ua                    
[m3ua.c              : 188] m3ua_add_tlv                  
[mod_sigtran.c       : 314] sigtran_state_mgmt            
[mod_sigtran.c       : 334] sigtran_state_mgmt            : Status type: 0x1
[mod_sigtran.c       : 335] sigtran_state_mgmt            : Status info: 0x2
[m3ua.c              : 360] m3ua_octet_ASPAC              
[m3ua.c              :  14] m3ua_build                    
[m3ua.c              :  41] m3ua2octet                    
[m3ua.c              : 197] m3ua_free                     
[mod_sigtran.c       : 343] sigtran_state_mgmt            : Sending ASPAC
[m3ua.c              : 197] m3ua_free                     
[mod_sigtran.c       : 778] sigtran_on_data               
[mod_sigtran.c       : 766] sigtran_process_data          
[mod_sigtran.c       : 537] sigtran_state_machine         
[mod_sigtran.c       : 558] sigtran_state_machine         : From str:0 seq:2 (assoc:0x5b) [16 bytes]:
[m3ua.c              : 126] octet2m3ua                    
[m3ua.c              : 188] m3ua_add_tlv                  
[mod_sigtran.c       : 510] sigtran_state_asptm           
[m3ua.c              : 197] m3ua_free                     
[mod_sigtran.c       : 558] sigtran_state_machine         : From str:0 seq:3 (assoc:0x5b) [16 bytes]:
[m3ua.c              : 126] octet2m3ua                    
[m3ua.c              : 188] m3ua_add_tlv                  
[mod_sigtran.c       : 314] sigtran_state_mgmt            
[mod_sigtran.c       : 334] sigtran_state_mgmt            : Status type: 0x1
[mod_sigtran.c       : 335] sigtran_state_mgmt            : Status info: 0x3
[m3ua.c              : 396] m3ua_octet_DAVA               
[m3ua.c              :  14] m3ua_build                    
[m3ua.c              : 188] m3ua_add_tlv                  
[m3ua.c              :  41] m3ua2octet                    
[m3ua.c              : 197] m3ua_free                     
[mod_sigtran.c       : 356] sigtran_state_mgmt            : Sending DAVA
[m3ua.c              : 197] m3ua_free                     
[mod_sigtran.c       : 558] sigtran_state_machine         : From str:0 seq:4 (assoc:0x5b) [16 bytes]:
[m3ua.c              : 126] octet2m3ua                    
[m3ua.c              : 188] m3ua_add_tlv                  
[mod_sigtran.c       : 446] sigtran_state_ssnm            
[mod_sigtran.c       : 462] sigtran_state_ssnm            : Mask: 0x0 (0)
[m3ua.c              : 197] m3ua_free                     
[mod_sigtran.c       : 778] sigtran_on_data               
[mod_sigtran.c       : 766] sigtran_process_data          
[mod_sigtran.c       : 537] sigtran_state_machine         
[mod_sigtran.c       : 558] sigtran_state_machine         : From str:0 seq:0 (assoc:0x0) [148 bytes]:
[utils.c             : 170] sctp_handle_notification      : ^^^ intf_change: 10.21.11.130 state=5, error=2
[mod_sigtran.c       : 820] sigtran_m3ua_hb_ready         
[mod_sigtran.c       : 706] sigtran_m3ua_hb_process       
[mod_sigtran.c       : 714] sigtran_m3ua_hb_process       : *** Timer armed. Going to process.
[m3ua.c              : 419] m3ua_octet_ASPSM_BEAT         
[m3ua.c              :  14] m3ua_build                    
[m3ua.c              : 188] m3ua_add_tlv                  
[m3ua.c              :  41] m3ua2octet                    
[m3ua.c              : 197] m3ua_free                     
[mod_sigtran.c       : 742] sigtran_m3ua_hb_process       : Sending ASPSM BEAT [1]
[mod_sigtran.c       : 778] sigtran_on_data               
[mod_sigtran.c       : 766] sigtran_process_data          
[mod_sigtran.c       : 537] sigtran_state_machine         
[mod_sigtran.c       : 558] sigtran_state_machine         : From str:0 seq:5 (assoc:0x5b) [16 bytes]:
[m3ua.c              : 126] octet2m3ua                    
[m3ua.c              : 188] m3ua_add_tlv                  
[mod_sigtran.c       : 482] sigtran_state_aspsm           
[m3ua.c              : 197] m3ua_free                     
[mod_sigtran.c       : 820] sigtran_m3ua_hb_ready         
[mod_sigtran.c       : 706] sigtran_m3ua_hb_process       
[mod_sigtran.c       : 714] sigtran_m3ua_hb_process       : *** Timer armed. Going to process.
[m3ua.c              : 419] m3ua_octet_ASPSM_BEAT         
[m3ua.c              :  14] m3ua_build                    
[m3ua.c              : 188] m3ua_add_tlv                  
[m3ua.c              :  41] m3ua2octet                    
[m3ua.c              : 197] m3ua_free                     
[mod_sigtran.c       : 742] sigtran_m3ua_hb_process       : Sending ASPSM BEAT [1]
[mod_sigtran.c       : 778] sigtran_on_data               
[mod_sigtran.c       : 766] sigtran_process_data          
[mod_sigtran.c       : 537] sigtran_state_machine         
[mod_sigtran.c       : 558] sigtran_state_machine         : From str:0 seq:6 (assoc:0x5b) [16 bytes]:
[m3ua.c              : 126] octet2m3ua                    
[m3ua.c              : 188] m3ua_add_tlv                  
[mod_sigtran.c       : 482] sigtran_state_aspsm           
[m3ua.c              : 197] m3ua_free                     
[mod_sigtran.c       : 820] sigtran_m3ua_hb_ready         
[mod_sigtran.c       : 706] sigtran_m3ua_hb_process       
[mod_sigtran.c       : 714] sigtran_m3ua_hb_process       : *** Timer armed. Going to process.
[m3ua.c              : 419] m3ua_octet_ASPSM_BEAT         
[m3ua.c              :  14] m3ua_build                    
[m3ua.c              : 188] m3ua_add_tlv                  
[m3ua.c              :  41] m3ua2octet                    
[m3ua.c              : 197] m3ua_free                     
[mod_sigtran.c       : 742] sigtran_m3ua_hb_process       : Sending ASPSM BEAT [1]
[mod_sigtran.c       : 778] sigtran_on_data               
[mod_sigtran.c       : 766] sigtran_process_data          
[mod_sigtran.c       : 537] sigtran_state_machine         
[mod_sigtran.c       : 558] sigtran_state_machine         : From str:0 seq:7 (assoc:0x5b) [16 bytes]:
[m3ua.c              : 126] octet2m3ua                    
[m3ua.c              : 188] m3ua_add_tlv                  
[mod_sigtran.c       : 482] sigtran_state_aspsm           
[m3ua.c              : 197] m3ua_free                     
[mod_sigtran.c       : 820] sigtran_m3ua_hb_ready         
[mod_sigtran.c       : 706] sigtran_m3ua_hb_process       
[mod_sigtran.c       : 714] sigtran_m3ua_hb_process       : *** Timer armed. Going to process.
[m3ua.c              : 419] m3ua_octet_ASPSM_BEAT         
[m3ua.c              :  14] m3ua_build                    
[m3ua.c              : 188] m3ua_add_tlv                  
[m3ua.c              :  41] m3ua2octet                    
[m3ua.c              : 197] m3ua_free                     
[mod_sigtran.c       : 742] sigtran_m3ua_hb_process       : Sending ASPSM BEAT [1]
[mod_sigtran.c       : 778] sigtran_on_data               
[mod_sigtran.c       : 766] sigtran_process_data          
[mod_sigtran.c       : 537] sigtran_state_machine         
[mod_sigtran.c       : 558] sigtran_state_machine         : From str:0 seq:8 (assoc:0x5b) [16 bytes]:
[m3ua.c              : 126] octet2m3ua                    
[m3ua.c              : 188] m3ua_add_tlv                  
[mod_sigtran.c       : 482] sigtran_state_aspsm           
[m3ua.c              : 197] m3ua_free                     
[mod_sigtran.c       : 820] sigtran_m3ua_hb_ready         
[mod_sigtran.c       : 706] sigtran_m3ua_hb_process       
[mod_sigtran.c       : 714] sigtran_m3ua_hb_process       : *** Timer armed. Going to process.
[m3ua.c              : 419] m3ua_octet_ASPSM_BEAT         
[m3ua.c              :  14] m3ua_build                    
[m3ua.c              : 188] m3ua_add_tlv                  
[m3ua.c              :  41] m3ua2octet                    
[m3ua.c              : 197] m3ua_free                     
[mod_sigtran.c       : 742] sigtran_m3ua_hb_process       : Sending ASPSM BEAT [1]
[mod_sigtran.c       : 778] sigtran_on_data               
[mod_sigtran.c       : 766] sigtran_process_data          
[mod_sigtran.c       : 537] sigtran_state_machine         
[mod_sigtran.c       : 558] sigtran_state_machine         : From str:0 seq:9 (assoc:0x5b) [16 bytes]:
[m3ua.c              : 126] octet2m3ua                    
[m3ua.c              : 188] m3ua_add_tlv                  
[mod_sigtran.c       : 482] sigtran_state_aspsm           
[m3ua.c              : 197] m3ua_free                     
[mod_sigtran.c       : 820] sigtran_m3ua_hb_ready         
[mod_sigtran.c       : 706] sigtran_m3ua_hb_process       
[mod_sigtran.c       : 714] sigtran_m3ua_hb_process       : *** Timer armed. Going to process.
[m3ua.c              : 419] m3ua_octet_ASPSM_BEAT         
[m3ua.c              :  14] m3ua_build                    
[m3ua.c              : 188] m3ua_add_tlv                  
[m3ua.c              :  41] m3ua2octet                    
[m3ua.c              : 197] m3ua_free                     
[mod_sigtran.c       : 742] sigtran_m3ua_hb_process       : Sending ASPSM BEAT [1]
[mod_sigtran.c       : 778] sigtran_on_data               
[mod_sigtran.c       : 766] sigtran_process_data          
[mod_sigtran.c       : 537] sigtran_state_machine         
[mod_sigtran.c       : 558] sigtran_state_machine         : From str:0 seq:10 (assoc:0x5b) [16 bytes]:
[m3ua.c              : 126] octet2m3ua                    
[m3ua.c              : 188] m3ua_add_tlv                  
[mod_sigtran.c       : 482] sigtran_state_aspsm           
[m3ua.c              : 197] m3ua_free                     
[mod_sigtran.c       : 820] sigtran_m3ua_hb_ready         
[mod_sigtran.c       : 706] sigtran_m3ua_hb_process       
[mod_sigtran.c       : 714] sigtran_m3ua_hb_process       : *** Timer armed. Going to process.
[m3ua.c              : 419] m3ua_octet_ASPSM_BEAT         
[m3ua.c              :  14] m3ua_build                    
[m3ua.c              : 188] m3ua_add_tlv                  
[m3ua.c              :  41] m3ua2octet                    
[m3ua.c              : 197] m3ua_free                     
[mod_sigtran.c       : 742] sigtran_m3ua_hb_process       : Sending ASPSM BEAT [1]
[mod_sigtran.c       : 778] sigtran_on_data               
[mod_sigtran.c       : 766] sigtran_process_data          
[mod_sigtran.c       : 537] sigtran_state_machine         
[mod_sigtran.c       : 558] sigtran_state_machine         : From str:0 seq:11 (assoc:0x5b) [16 bytes]:
[m3ua.c              : 126] octet2m3ua                    
[m3ua.c              : 188] m3ua_add_tlv                  
[mod_sigtran.c       : 482] sigtran_state_aspsm           
[m3ua.c              : 197] m3ua_free                     
[mod_sigtran.c       : 820] sigtran_m3ua_hb_ready         
[mod_sigtran.c       : 706] sigtran_m3ua_hb_process       
[mod_sigtran.c       : 714] sigtran_m3ua_hb_process       : *** Timer armed. Going to process.
[m3ua.c              : 419] m3ua_octet_ASPSM_BEAT         
[m3ua.c              :  14] m3ua_build                    
[m3ua.c              : 188] m3ua_add_tlv                  
[m3ua.c              :  41] m3ua2octet                    
[m3ua.c              : 197] m3ua_free                     
[mod_sigtran.c       : 742] sigtran_m3ua_hb_process       : Sending ASPSM BEAT [1]
[mod_sigtran.c       : 778] sigtran_on_data               
[mod_sigtran.c       : 766] sigtran_process_data          
[mod_sigtran.c       : 537] sigtran_state_machine         
[mod_sigtran.c       : 558] sigtran_state_machine         : From str:0 seq:12 (assoc:0x5b) [16 bytes]:
[m3ua.c              : 126] octet2m3ua                    
[m3ua.c              : 188] m3ua_add_tlv                  
[mod_sigtran.c       : 482] sigtran_state_aspsm           
[m3ua.c              : 197] m3ua_free                     
[mod_sigtran.c       : 820] sigtran_m3ua_hb_ready         
[mod_sigtran.c       : 706] sigtran_m3ua_hb_process       
[mod_sigtran.c       : 714] sigtran_m3ua_hb_process       : *** Timer armed. Going to process.
[m3ua.c              : 419] m3ua_octet_ASPSM_BEAT         
[m3ua.c              :  14] m3ua_build                    
[m3ua.c              : 188] m3ua_add_tlv                  
[m3ua.c              :  41] m3ua2octet                    
[m3ua.c              : 197] m3ua_free                     
[mod_sigtran.c       : 742] sigtran_m3ua_hb_process       : Sending ASPSM BEAT [1]
[mod_sigtran.c       : 778] sigtran_on_data               
[mod_sigtran.c       : 766] sigtran_process_data          
[mod_sigtran.c       : 537] sigtran_state_machine         
[mod_sigtran.c       : 558] sigtran_state_machine         : From str:0 seq:13 (assoc:0x5b) [16 bytes]:
[m3ua.c              : 126] octet2m3ua                    
[m3ua.c              : 188] m3ua_add_tlv                  
[mod_sigtran.c       : 482] sigtran_state_aspsm           
[m3ua.c              : 197] m3ua_free                     
[mod_sigtran.c       : 820] sigtran_m3ua_hb_ready         
[mod_sigtran.c       : 706] sigtran_m3ua_hb_process       
[mod_sigtran.c       : 714] sigtran_m3ua_hb_process       : *** Timer armed. Going to process.
[m3ua.c              : 419] m3ua_octet_ASPSM_BEAT         
[m3ua.c              :  14] m3ua_build                    
[m3ua.c              : 188] m3ua_add_tlv                  
[m3ua.c              :  41] m3ua2octet                    
[m3ua.c              : 197] m3ua_free                     
[mod_sigtran.c       : 742] sigtran_m3ua_hb_process       : Sending ASPSM BEAT [1]
[mod_sigtran.c       : 778] sigtran_on_data               
[mod_sigtran.c       : 766] sigtran_process_data          
[mod_sigtran.c       : 537] sigtran_state_machine         
[mod_sigtran.c       : 558] sigtran_state_machine         : From str:0 seq:14 (assoc:0x5b) [16 bytes]:
[m3ua.c              : 126] octet2m3ua                    
[m3ua.c              : 188] m3ua_add_tlv                  
[mod_sigtran.c       : 482] sigtran_state_aspsm           
[m3ua.c              : 197] m3ua_free                     
[mod_sigtran.c       : 820] sigtran_m3ua_hb_ready         
[mod_sigtran.c       : 706] sigtran_m3ua_hb_process       
[mod_sigtran.c       : 714] sigtran_m3ua_hb_process       : *** Timer armed. Going to process.
[m3ua.c              : 419] m3ua_octet_ASPSM_BEAT         
[m3ua.c              :  14] m3ua_build                    
[m3ua.c              : 188] m3ua_add_tlv                  
[m3ua.c              :  41] m3ua2octet                    
[m3ua.c              : 197] m3ua_free                     
[mod_sigtran.c       : 742] sigtran_m3ua_hb_process       : Sending ASPSM BEAT [1]
[mod_sigtran.c       : 778] sigtran_on_data               
[mod_sigtran.c       : 766] sigtran_process_data          
[mod_sigtran.c       : 537] sigtran_state_machine         
[mod_sigtran.c       : 558] sigtran_state_machine         : From str:0 seq:15 (assoc:0x5b) [16 bytes]:
[m3ua.c              : 126] octet2m3ua                    
[m3ua.c              : 188] m3ua_add_tlv                  
[mod_sigtran.c       : 482] sigtran_state_aspsm           
[m3ua.c              : 197] m3ua_free                     
[mod_sigtran.c       : 820] sigtran_m3ua_hb_ready         
[mod_sigtran.c       : 706] sigtran_m3ua_hb_process       
[mod_sigtran.c       : 714] sigtran_m3ua_hb_process       : *** Timer armed. Going to process.
[m3ua.c              : 419] m3ua_octet_ASPSM_BEAT         
[m3ua.c              :  14] m3ua_build                    
[m3ua.c              : 188] m3ua_add_tlv                  
[m3ua.c              :  41] m3ua2octet                    
[m3ua.c              : 197] m3ua_free                     
[mod_sigtran.c       : 742] sigtran_m3ua_hb_process       : Sending ASPSM BEAT [1]
[mod_sigtran.c       : 778] sigtran_on_data               
[mod_sigtran.c       : 766] sigtran_process_data          
[mod_sigtran.c       : 537] sigtran_state_machine         
[mod_sigtran.c       : 558] sigtran_state_machine         : From str:0 seq:16 (assoc:0x5b) [16 bytes]:
[m3ua.c              : 126] octet2m3ua                    
[m3ua.c              : 188] m3ua_add_tlv                  
[mod_sigtran.c       : 482] sigtran_state_aspsm           
[m3ua.c              : 197] m3ua_free                     
[mod_sigtran.c       : 820] sigtran_m3ua_hb_ready         
[mod_sigtran.c       : 706] sigtran_m3ua_hb_process       
[mod_sigtran.c       : 714] sigtran_m3ua_hb_process       : *** Timer armed. Going to process.
[m3ua.c              : 419] m3ua_octet_ASPSM_BEAT         
[m3ua.c              :  14] m3ua_build                    
[m3ua.c              : 188] m3ua_add_tlv                  
[m3ua.c              :  41] m3ua2octet                    
[m3ua.c              : 197] m3ua_free                     
[mod_sigtran.c       : 742] sigtran_m3ua_hb_process       : Sending ASPSM BEAT [1]
[mod_sigtran.c       : 778] sigtran_on_data               
[mod_sigtran.c       : 766] sigtran_process_data          
[mod_sigtran.c       : 537] sigtran_state_machine         
[mod_sigtran.c       : 558] sigtran_state_machine         : From str:0 seq:17 (assoc:0x5b) [16 bytes]:
[m3ua.c              : 126] octet2m3ua                    
[m3ua.c              : 188] m3ua_add_tlv                  
[mod_sigtran.c       : 482] sigtran_state_aspsm           
[m3ua.c              : 197] m3ua_free                     
[mod_sigtran.c       : 820] sigtran_m3ua_hb_ready         
[mod_sigtran.c       : 706] sigtran_m3ua_hb_process       
[mod_sigtran.c       : 714] sigtran_m3ua_hb_process       : *** Timer armed. Going to process.
[m3ua.c              : 419] m3ua_octet_ASPSM_BEAT         
[m3ua.c              :  14] m3ua_build                    
[m3ua.c              : 188] m3ua_add_tlv                  
[m3ua.c              :  41] m3ua2octet                    
[m3ua.c              : 197] m3ua_free                     
[mod_sigtran.c       : 742] sigtran_m3ua_hb_process       : Sending ASPSM BEAT [1]
[mod_sigtran.c       : 778] sigtran_on_data               
[mod_sigtran.c       : 766] sigtran_process_data          
[mod_sigtran.c       : 537] sigtran_state_machine         
[mod_sigtran.c       : 558] sigtran_state_machine         : From str:0 seq:18 (assoc:0x5b) [16 bytes]:
[m3ua.c              : 126] octet2m3ua                    
[m3ua.c              : 188] m3ua_add_tlv                  
[mod_sigtran.c       : 482] sigtran_state_aspsm           
[m3ua.c              : 197] m3ua_free                     
[mod_sigtran.c       : 820] sigtran_m3ua_hb_ready         
[mod_sigtran.c       : 706] sigtran_m3ua_hb_process       
[mod_sigtran.c       : 714] sigtran_m3ua_hb_process       : *** Timer armed. Going to process.
[m3ua.c              : 419] m3ua_octet_ASPSM_BEAT         
[m3ua.c              :  14] m3ua_build                    
[m3ua.c              : 188] m3ua_add_tlv                  
[m3ua.c              :  41] m3ua2octet                    
[m3ua.c              : 197] m3ua_free                     
[mod_sigtran.c       : 742] sigtran_m3ua_hb_process       : Sending ASPSM BEAT [1]
[mod_sigtran.c       : 778] sigtran_on_data               
[mod_sigtran.c       : 766] sigtran_process_data          
[mod_sigtran.c       : 537] sigtran_state_machine         
[mod_sigtran.c       : 558] sigtran_state_machine         : From str:0 seq:19 (assoc:0x5b) [16 bytes]:
[m3ua.c              : 126] octet2m3ua                    
[m3ua.c              : 188] m3ua_add_tlv                  
[mod_sigtran.c       : 482] sigtran_state_aspsm           
[m3ua.c              : 197] m3ua_free                     
[mod_sigtran.c       : 820] sigtran_m3ua_hb_ready         
[mod_sigtran.c       : 706] sigtran_m3ua_hb_process       
[mod_sigtran.c       : 714] sigtran_m3ua_hb_process       : *** Timer armed. Going to process.
[m3ua.c              : 419] m3ua_octet_ASPSM_BEAT         
[m3ua.c              :  14] m3ua_build                    
[m3ua.c              : 188] m3ua_add_tlv                  
[m3ua.c              :  41] m3ua2octet                    
[m3ua.c              : 197] m3ua_free                     
[mod_sigtran.c       : 742] sigtran_m3ua_hb_process       : Sending ASPSM BEAT [1]
[mod_sigtran.c       : 778] sigtran_on_data               
[mod_sigtran.c       : 766] sigtran_process_data          
[mod_sigtran.c       : 537] sigtran_state_machine         
[mod_sigtran.c       : 558] sigtran_state_machine         : From str:0 seq:20 (assoc:0x5b) [16 bytes]:
[m3ua.c              : 126] octet2m3ua                    
[m3ua.c              : 188] m3ua_add_tlv                  
[mod_sigtran.c       : 482] sigtran_state_aspsm           
[m3ua.c              : 197] m3ua_free                     
[mod_sigtran.c       : 820] sigtran_m3ua_hb_ready         
[mod_sigtran.c       : 706] sigtran_m3ua_hb_process       
[mod_sigtran.c       : 714] sigtran_m3ua_hb_process       : *** Timer armed. Going to process.
[m3ua.c              : 419] m3ua_octet_ASPSM_BEAT         
[m3ua.c              :  14] m3ua_build                    
[m3ua.c              : 188] m3ua_add_tlv                  
[m3ua.c              :  41] m3ua2octet                    
[m3ua.c              : 197] m3ua_free                     
[mod_sigtran.c       : 742] sigtran_m3ua_hb_process       : Sending ASPSM BEAT [1]
[mod_sigtran.c       : 778] sigtran_on_data               
[mod_sigtran.c       : 766] sigtran_process_data          
[mod_sigtran.c       : 537] sigtran_state_machine         
[mod_sigtran.c       : 558] sigtran_state_machine         : From str:0 seq:21 (assoc:0x5b) [16 bytes]:
[m3ua.c              : 126] octet2m3ua                    
[m3ua.c              : 188] m3ua_add_tlv                  
[mod_sigtran.c       : 482] sigtran_state_aspsm           
[m3ua.c              : 197] m3ua_free                     
[mod_sigtran.c       : 820] sigtran_m3ua_hb_ready         
[mod_sigtran.c       : 706] sigtran_m3ua_hb_process       
[mod_sigtran.c       : 714] sigtran_m3ua_hb_process       : *** Timer armed. Going to process.
[m3ua.c              : 419] m3ua_octet_ASPSM_BEAT         
[m3ua.c              :  14] m3ua_build                    
[m3ua.c              : 188] m3ua_add_tlv                  
[m3ua.c              :  41] m3ua2octet                    
[m3ua.c              : 197] m3ua_free                     
[mod_sigtran.c       : 742] sigtran_m3ua_hb_process       : Sending ASPSM BEAT [1]
[mod_sigtran.c       : 778] sigtran_on_data               
[mod_sigtran.c       : 766] sigtran_process_data          
[mod_sigtran.c       : 537] sigtran_state_machine         
[mod_sigtran.c       : 558] sigtran_state_machine         : From str:0 seq:22 (assoc:0x5b) [16 bytes]:
[m3ua.c              : 126] octet2m3ua                    
[m3ua.c              : 188] m3ua_add_tlv                  
[mod_sigtran.c       : 482] sigtran_state_aspsm           
[m3ua.c              : 197] m3ua_free                     
[mod_sigtran.c       : 820] sigtran_m3ua_hb_ready         
[mod_sigtran.c       : 706] sigtran_m3ua_hb_process       
[mod_sigtran.c       : 714] sigtran_m3ua_hb_process       : *** Timer armed. Going to process.
[m3ua.c              : 419] m3ua_octet_ASPSM_BEAT         
[m3ua.c              :  14] m3ua_build                    
[m3ua.c              : 188] m3ua_add_tlv                  
[m3ua.c              :  41] m3ua2octet                    
[m3ua.c              : 197] m3ua_free                     
[mod_sigtran.c       : 742] sigtran_m3ua_hb_process       : Sending ASPSM BEAT [1]
[mod_sigtran.c       : 778] sigtran_on_data               
[mod_sigtran.c       : 766] sigtran_process_data          
[mod_sigtran.c       : 537] sigtran_state_machine         
[mod_sigtran.c       : 558] sigtran_state_machine         : From str:0 seq:23 (assoc:0x5b) [16 bytes]:
[m3ua.c              : 126] octet2m3ua                    
[m3ua.c              : 188] m3ua_add_tlv                  
[mod_sigtran.c       : 482] sigtran_state_aspsm           
[m3ua.c              : 197] m3ua_free                     
[mod_sigtran.c       : 778] sigtran_on_data               
[mod_sigtran.c       : 766] sigtran_process_data          
[mod_sigtran.c       : 537] sigtran_state_machine         
[mod_sigtran.c       : 558] sigtran_state_machine         : From str:1 seq:0 (assoc:0x5b) [176 bytes]:
[m3ua.c              : 126] octet2m3ua                    
[m3ua.c              : 188] m3ua_add_tlv                  
[mod_sigtran.c       : 386] sigtran_state_tm              
[m3ua.c              : 442] m3ua_octet2pdata              
[mod_sigtran.c       : 249] sigtran_sccp_udt              
[m3ua.c              :  14] m3ua_build                    
[mod_sigtran.c       : 284] sigtran_sccp_udt              : Sending sinfo to tcap for processing
[m3ua.c              : 197] m3ua_free                     
[sigtran_tcap.c      : 987] sigtran_tcap_worker           : Data available from SIGTRAN. Going to process.
[sigtran_tcap.c      : 942] sigtran_tcap_process          
[sigtran_tcap.c      : 835] sigtran_tcap_parse            
[sigtran_tcap.c      :1081] sigtran_tcap_resolve_map_id   
[sigtran_tcap.c      :1122] sigtran_tcap_resolve_map_id   : Session Begins by User/Network
[map-dialog-mgmt.c   :  55] map_set_next_dialogue         
[map-dialog-mgmt.c   :  67] map_set_next_dialogue         : Allocated Dialogue {map_id=0, dialog_id=65535}
[sigtran_tcap.c      :1145] sigtran_tcap_resolve_map_id   : UGW TID: 65535
[sigtran_tcap.c      :1146] sigtran_tcap_resolve_map_id   : MAP STACK ID: 0
[sigtran_tcap.c      :1147] sigtran_tcap_resolve_map_id   : MAP DIALOG ID: 65535
[sigtran_tcap.c      : 922] sigtran_tcap_parse            : Going to put to queue of MAP STACK [0]
[sigtran_tcap.c      : 985] sigtran_tcap_worker           : Waiting for data from SIGTRAN
[sigtran_tcap.c      :1240] map_stack_start               : [0] received from TCAP worker thread.
[sigtran_tcap.c      : 758] sigtran_tcap_comp_parse       
[sigtran_tcap.c      : 173] sigtran_tcap_parameter_parse  
[sigtran_tcap.c      : 216] sigtran_tcap_parameter_parse  : opcode: processUnstructuredSS_Request [59]
[sigtran_tcap.c      :1235] map_stack_start               : [0] Waiting for packets from TCAP worker thread.
[sigtran_tcap.c      : 405] ussd_session_handler          
URI {65535}: [http://127.0.0.1/ussd/mo.php?transactionID=65535&map_stack_id=0&dialogid=65535&number=8801558140873&text=%2a5252%2301534619956%23&status=begin&momt=mo&error=0&lbs=0]
RESP {65535}: [0Service not configured on shortcode or maybe under technical process. Please try later or contact your service provider.]
[sigtran_tcap.c      :  52] tcap_msg_resp                 
[sigtran_tcap.c      : 102] tcap_msg_resp                 : Dialogue PDU needed
[dialogue-utils.c    : 251] ussd_dialogue_response_accepted
[map-utils.c         : 177] ussd_session_comp_build       
[map-utils.c         : 236] map_build_ussd_arg            
[map-utils.c         :  54] sigtran_create_map_comp       
[map-utils.c         : 271] map_free_ussd_arg             
[map-utils.c         :  12] ussd_session_comp_free        
[dialogue-utils.c    : 283] ussd_dialogue_response_free   
[mod_sigtran.c       : 799] sigtran_tcap_ready            
[mod_sigtran.c       : 627] sigtran_recv_from_tcap        
[mod_sigtran.c       : 641] sigtran_recv_from_tcap        : Data received from TCAP. Going to process.
[m3ua.c              : 474] m3ua_pdata2octet              
[m3ua.c              : 188] m3ua_add_tlv                  
[m3ua.c              :  41] m3ua2octet                    
[mod_sigtran.c       : 676] sigtran_recv_from_tcap        : 232 bytes m3ua packet created
[mod_sigtran.c       : 230] sigtran_tcap_info_free        
[m3ua.c              : 197] m3ua_free                     
[mod_sigtran.c       : 820] sigtran_m3ua_hb_ready         
[mod_sigtran.c       : 706] sigtran_m3ua_hb_process       
[mod_sigtran.c       : 714] sigtran_m3ua_hb_process       : *** Timer armed. Going to process.
[m3ua.c              : 419] m3ua_octet_ASPSM_BEAT         
[m3ua.c              :  14] m3ua_build                    
[m3ua.c              : 188] m3ua_add_tlv                  
[m3ua.c              :  41] m3ua2octet                    
[m3ua.c              : 197] m3ua_free                     
[mod_sigtran.c       : 742] sigtran_m3ua_hb_process       : Sending ASPSM BEAT [1]
[mod_sigtran.c       : 778] sigtran_on_data               
[mod_sigtran.c       : 766] sigtran_process_data          
[mod_sigtran.c       : 537] sigtran_state_machine         
[mod_sigtran.c       : 558] sigtran_state_machine         : From str:0 seq:24 (assoc:0x5b) [16 bytes]:
[m3ua.c              : 126] octet2m3ua                    
[m3ua.c              : 188] m3ua_add_tlv                  
[mod_sigtran.c       : 482] sigtran_state_aspsm           
[m3ua.c              : 197] m3ua_free                     
[mod_sigtran.c       : 778] sigtran_on_data               
[mod_sigtran.c       : 766] sigtran_process_data          
[mod_sigtran.c       : 537] sigtran_state_machine         
[mod_sigtran.c       : 558] sigtran_state_machine         : From str:1 seq:1 (assoc:0x5b) [176 bytes]:
[m3ua.c              : 126] octet2m3ua                    
[m3ua.c              : 188] m3ua_add_tlv                  
[mod_sigtran.c       : 386] sigtran_state_tm              
[m3ua.c              : 442] m3ua_octet2pdata              
[mod_sigtran.c       : 249] sigtran_sccp_udt              
[m3ua.c              :  14] m3ua_build                    
[mod_sigtran.c       : 284] sigtran_sccp_udt              : Sending sinfo to tcap for processing
[m3ua.c              : 197] m3ua_free                     
[sigtran_tcap.c      : 987] sigtran_tcap_worker           : Data available from SIGTRAN. Going to process.
[sigtran_tcap.c      : 942] sigtran_tcap_process          
[sigtran_tcap.c      : 835] sigtran_tcap_parse            
[sigtran_tcap.c      :1081] sigtran_tcap_resolve_map_id   
[map-dialog-mgmt.c   :  90] map_del_dialogue              
[map-dialog-mgmt.c   :  96] map_del_dialogue              : Freeing Dialogue {map_id=0, dialog_id=65535}
[sigtran_tcap.c      :1122] sigtran_tcap_resolve_map_id   : Session Begins by User/Network
[map-dialog-mgmt.c   :  55] map_set_next_dialogue         
[map-dialog-mgmt.c   :  67] map_set_next_dialogue         : Allocated Dialogue {map_id=0, dialog_id=65535}
[sigtran_tcap.c      :1145] sigtran_tcap_resolve_map_id   : UGW TID: 65535
[sigtran_tcap.c      :1146] sigtran_tcap_resolve_map_id   : MAP STACK ID: 0
[sigtran_tcap.c      :1147] sigtran_tcap_resolve_map_id   : MAP DIALOG ID: 65535
[sigtran_tcap.c      : 922] sigtran_tcap_parse            : Going to put to queue of MAP STACK [0]
[sigtran_tcap.c      : 985] sigtran_tcap_worker           : Waiting for data from SIGTRAN
[sigtran_tcap.c      :1240] map_stack_start               : [0] received from TCAP worker thread.
[sigtran_tcap.c      : 758] sigtran_tcap_comp_parse       
[sigtran_tcap.c      : 173] sigtran_tcap_parameter_parse  
[sigtran_tcap.c      : 216] sigtran_tcap_parameter_parse  : opcode: processUnstructuredSS_Request [59]
[sigtran_tcap.c      :1235] map_stack_start               : [0] Waiting for packets from TCAP worker thread.
[sigtran_tcap.c      : 405] ussd_session_handler          
URI {65535}: [http://127.0.0.1/ussd/mo.php?transactionID=65535&map_stack_id=0&dialogid=65535&number=8801558140873&text=%2a5252%2a01534619955%23&status=begin&momt=mo&error=0&lbs=0]
[mod_http.c          : 394] http_on_connect               
[mod_http.c          : 352] http_on_data                  
[mod_http.c          : 372] http_on_data                  : HTTP Session Data allocated
[mod_http.c          : 178] http_process_data             
[mod_http.c          : 134] http_parse_header             
[mod_http.c          :  30] http_request_method_cb        
[mod_http.c          :  39] http_request_path_cb          
[mod_http.c          :  81] http_query_string_cb          
[mod_http.c          :  18] http_request_uri_cb           
[mod_http.c          : 102] http_version_cb               
[mod_http.c          :  62] http_field_cb                 
[mod_http.c          :  62] http_field_cb                 
[mod_http.c          : 123] http_header_done_cb           
[sigtran_http_resp_func.c: 342] sigtran_http_resp_func        
[sigtran_http_resp_func.c: 364] sigtran_http_resp_func        : Request=/sigtran
[sigtran_http_resp_func.c: 121] sigtran_http_new_tid          
[sigtran_http_resp_func.c: 128] sigtran_http_new_tid          : Session Begins by Application
[map-dialog-mgmt.c   :  55] map_set_next_dialogue         
[map-dialog-mgmt.c   :  67] map_set_next_dialogue         : Allocated Dialogue {map_id=0, dialog_id=65534}
[sigtran_http_resp_func.c: 153] sigtran_http_new_tid          : UGW TID: 65534
[sigtran_http_resp_func.c: 154] sigtran_http_new_tid          : MAP STACK ID: 0
[sigtran_http_resp_func.c: 155] sigtran_http_new_tid          : MAP DIALOG ID: 65534
[dialogue-utils.c    :  39] ati_dialogue_request_build    
[map-utils.c         :  93] ati_session_comp_build        
[map-utils.c         : 133] map_build_ati_arg             
[map-utils.c         :  54] sigtran_create_map_comp       
[map-utils.c         : 286] map_free_ati_arg              
[m3ua.c              : 474] m3ua_pdata2octet              
[m3ua.c              :  14] m3ua_build                    
[m3ua.c              : 188] m3ua_add_tlv                  
[m3ua.c              :  41] m3ua2octet                    
[sigtran_http_resp_func.c: 272] tcap_msg_begin_mt             : 128 bytes m3ua packet created
[m3ua.c              : 197] m3ua_free                     
[map-utils.c         :  12] ussd_session_comp_free        
[dialogue-utils.c    : 228] ussd_dialogue_request_free    
[sigtran_http_resp_func.c: 384] sigtran_http_resp_func        : Response=65534
[mod_http.c          : 352] http_on_data                  
[mod_http.c          : 360] http_on_data                  : Client socket got EPOLL{RDHUP|HUP|ERR}. Closing session.
[mod_sigtran.c       : 778] sigtran_on_data               
[mod_sigtran.c       : 766] sigtran_process_data          
[mod_sigtran.c       : 537] sigtran_state_machine         
[mod_sigtran.c       : 558] sigtran_state_machine         : From str:1 seq:2 (assoc:0x5b) [176 bytes]:
[m3ua.c              : 126] octet2m3ua                    
[m3ua.c              : 188] m3ua_add_tlv                  
[mod_sigtran.c       : 386] sigtran_state_tm              
[m3ua.c              : 442] m3ua_octet2pdata              
[mod_sigtran.c       : 249] sigtran_sccp_udt              
[m3ua.c              :  14] m3ua_build                    
[mod_sigtran.c       : 284] sigtran_sccp_udt              : Sending sinfo to tcap for processing
[m3ua.c              : 197] m3ua_free                     
[sigtran_tcap.c      : 987] sigtran_tcap_worker           : Data available from SIGTRAN. Going to process.
[sigtran_tcap.c      : 942] sigtran_tcap_process          
[sigtran_tcap.c      : 835] sigtran_tcap_parse            
[sigtran_tcap.c      :1081] sigtran_tcap_resolve_map_id   
[sigtran_tcap.c      :1166] sigtran_tcap_resolve_map_id   : Session Ended by User/Network
[map-dialog-mgmt.c   :  79] map_get_dialogue              
[sigtran_tcap.c      :1175] sigtran_tcap_resolve_map_id   : UGW TID: 65534
[sigtran_tcap.c      :1176] sigtran_tcap_resolve_map_id   : MAP STACK ID: 0
[sigtran_tcap.c      :1177] sigtran_tcap_resolve_map_id   : MAP DIALOG ID: 65534
[sigtran_tcap.c      : 922] sigtran_tcap_parse            : Going to put to queue of MAP STACK [0]
[sigtran_tcap.c      : 985] sigtran_tcap_worker           : Waiting for data from SIGTRAN
[sigtran_tcap.c      :1240] map_stack_start               : [0] received from TCAP worker thread.
[sigtran_tcap.c      : 758] sigtran_tcap_comp_parse       
[sigtran_tcap.c      : 173] sigtran_tcap_parameter_parse  
[sigtran_tcap.c      : 225] sigtran_tcap_parameter_parse  : opcode: anyTimeInterrogation [71]
[sigtran_tcap.c      :1235] map_stack_start               : [0] Waiting for packets from TCAP worker thread.
[sigtran_tcap.c      : 405] ussd_session_handler          
URI {65534}: [http://127.0.0.1/ussd/mo.php?transactionID=65534&map_stack_id=0&dialogid=65534&number=8801534619955&text=age%3d295%2cvlr%3d880150159800%2cmcc%3d470%2cmnc%3d4%2clac%3d1902%2cci%3d15742&status=end&momt=mt&error=0&lbs=1]
RESP {65534}: [0Thank you]
[mod_sigtran.c       : 230] sigtran_tcap_info_free        
[m3ua.c              : 197] m3ua_free                     
RESP {65535}: [0MSISDN: 8801534619955, Age: 295, Lng: 90.38137, Lat: 23.79678, Addr: Moslem Uddin. 573, North Ebrahimpur, Kafrul Thana, Dhaka-1206. Cont. Per: Shoaib Ahmed 01553430851,01816122954]
[sigtran_tcap.c      :  52] tcap_msg_resp                 
[sigtran_tcap.c      : 102] tcap_msg_resp                 : Dialogue PDU needed
[dialogue-utils.c    : 251] ussd_dialogue_response_accepted
[map-utils.c         : 177] ussd_session_comp_build       
[map-utils.c         : 236] map_build_ussd_arg            
[map-utils.c         :  54] sigtran_create_map_comp       
[map-utils.c         : 271] map_free_ussd_arg             
[map-utils.c         :  12] ussd_session_comp_free        
[dialogue-utils.c    : 283] ussd_dialogue_response_free   
[mod_sigtran.c       : 799] sigtran_tcap_ready            
[mod_sigtran.c       : 627] sigtran_recv_from_tcap        
[mod_sigtran.c       : 641] sigtran_recv_from_tcap        : Data received from TCAP. Going to process.
[m3ua.c              : 474] m3ua_pdata2octet              
[m3ua.c              : 188] m3ua_add_tlv                  
[m3ua.c              :  41] m3ua2octet                    
[mod_sigtran.c       : 676] sigtran_recv_from_tcap        : 288 bytes m3ua packet created
[mod_sigtran.c       : 230] sigtran_tcap_info_free        
[m3ua.c              : 197] m3ua_free                     
[mod_sigtran.c       : 820] sigtran_m3ua_hb_ready         
[mod_sigtran.c       : 706] sigtran_m3ua_hb_process       
[mod_sigtran.c       : 714] sigtran_m3ua_hb_process       : *** Timer armed. Going to process.
[m3ua.c              : 419] m3ua_octet_ASPSM_BEAT         
[m3ua.c              :  14] m3ua_build                    
[m3ua.c              : 188] m3ua_add_tlv                  
[m3ua.c              :  41] m3ua2octet                    
[m3ua.c              : 197] m3ua_free                     
[mod_sigtran.c       : 742] sigtran_m3ua_hb_process       : Sending ASPSM BEAT [1]
[mod_sigtran.c       : 778] sigtran_on_data               
[mod_sigtran.c       : 766] sigtran_process_data          
[mod_sigtran.c       : 537] sigtran_state_machine         
[mod_sigtran.c       : 558] sigtran_state_machine         : From str:0 seq:25 (assoc:0x5b) [16 bytes]:
[m3ua.c              : 126] octet2m3ua                    
[m3ua.c              : 188] m3ua_add_tlv                  
[mod_sigtran.c       : 482] sigtran_state_aspsm           
[m3ua.c              : 197] m3ua_free                     
[mod_sigtran.c       : 778] sigtran_on_data               
[mod_sigtran.c       : 766] sigtran_process_data          
[mod_sigtran.c       : 537] sigtran_state_machine         
[mod_sigtran.c       : 558] sigtran_state_machine         : From str:1 seq:3 (assoc:0x5b) [164 bytes]:
[m3ua.c              : 126] octet2m3ua                    
[m3ua.c              : 188] m3ua_add_tlv                  
[mod_sigtran.c       : 386] sigtran_state_tm              
[m3ua.c              : 442] m3ua_octet2pdata              
[mod_sigtran.c       : 249] sigtran_sccp_udt              
[m3ua.c              :  14] m3ua_build                    
[mod_sigtran.c       : 284] sigtran_sccp_udt              : Sending sinfo to tcap for processing
[m3ua.c              : 197] m3ua_free                     
[sigtran_tcap.c      : 987] sigtran_tcap_worker           : Data available from SIGTRAN. Going to process.
[sigtran_tcap.c      : 942] sigtran_tcap_process          
[sigtran_tcap.c      : 835] sigtran_tcap_parse            
[sigtran_tcap.c      :1081] sigtran_tcap_resolve_map_id   
[map-dialog-mgmt.c   :  90] map_del_dialogue              
[map-dialog-mgmt.c   :  96] map_del_dialogue              : Freeing Dialogue {map_id=0, dialog_id=65534}
[map-dialog-mgmt.c   :  90] map_del_dialogue              
[map-dialog-mgmt.c   :  96] map_del_dialogue              : Freeing Dialogue {map_id=0, dialog_id=65535}
[sigtran_tcap.c      :1122] sigtran_tcap_resolve_map_id   : Session Begins by User/Network
[map-dialog-mgmt.c   :  55] map_set_next_dialogue         
[map-dialog-mgmt.c   :  67] map_set_next_dialogue         : Allocated Dialogue {map_id=0, dialog_id=65535}
[sigtran_tcap.c      :1145] sigtran_tcap_resolve_map_id   : UGW TID: 65535
[sigtran_tcap.c      :1146] sigtran_tcap_resolve_map_id   : MAP STACK ID: 0
[sigtran_tcap.c      :1147] sigtran_tcap_resolve_map_id   : MAP DIALOG ID: 65535
[sigtran_tcap.c      : 922] sigtran_tcap_parse            : Going to put to queue of MAP STACK [0]
[sigtran_tcap.c      : 985] sigtran_tcap_worker           : Waiting for data from SIGTRAN
[sigtran_tcap.c      :1240] map_stack_start               : [0] received from TCAP worker thread.
[sigtran_tcap.c      : 758] sigtran_tcap_comp_parse       
[sigtran_tcap.c      : 173] sigtran_tcap_parameter_parse  
[sigtran_tcap.c      : 216] sigtran_tcap_parameter_parse  : opcode: processUnstructuredSS_Request [59]
[sigtran_tcap.c      :1235] map_stack_start               : [0] Waiting for packets from TCAP worker thread.
[sigtran_tcap.c      : 405] ussd_session_handler          
URI {65535}: [http://127.0.0.1/ussd/mo.php?transactionID=65535&map_stack_id=0&dialogid=65535&number=8801558140873&text=%2a5252%23&status=begin&momt=mo&error=0&lbs=0]
[mod_http.c          : 394] http_on_connect               
[mod_http.c          : 352] http_on_data                  
[mod_http.c          : 178] http_process_data             
[mod_http.c          : 134] http_parse_header             
[mod_http.c          :  30] http_request_method_cb        
[mod_http.c          :  39] http_request_path_cb          
[mod_http.c          :  81] http_query_string_cb          
[mod_http.c          :  18] http_request_uri_cb           
[mod_http.c          : 102] http_version_cb               
[mod_http.c          :  62] http_field_cb                 
[mod_http.c          :  62] http_field_cb                 
[mod_http.c          : 123] http_header_done_cb           
[sigtran_http_resp_func.c: 342] sigtran_http_resp_func        
[sigtran_http_resp_func.c: 364] sigtran_http_resp_func        : Request=/sigtran
[sigtran_http_resp_func.c: 121] sigtran_http_new_tid          
[sigtran_http_resp_func.c: 128] sigtran_http_new_tid          : Session Begins by Application
[map-dialog-mgmt.c   :  55] map_set_next_dialogue         
[map-dialog-mgmt.c   :  67] map_set_next_dialogue         : Allocated Dialogue {map_id=0, dialog_id=65534}
[sigtran_http_resp_func.c: 153] sigtran_http_new_tid          : UGW TID: 65534
[sigtran_http_resp_func.c: 154] sigtran_http_new_tid          : MAP STACK ID: 0
[sigtran_http_resp_func.c: 155] sigtran_http_new_tid          : MAP DIALOG ID: 65534
[dialogue-utils.c    :  39] ati_dialogue_request_build    
[map-utils.c         :  93] ati_session_comp_build        
[map-utils.c         : 133] map_build_ati_arg             
[map-utils.c         :  54] sigtran_create_map_comp       
[map-utils.c         : 286] map_free_ati_arg              
[m3ua.c              : 474] m3ua_pdata2octet              
[m3ua.c              :  14] m3ua_build                    
[m3ua.c              : 188] m3ua_add_tlv                  
[m3ua.c              :  41] m3ua2octet                    
[sigtran_http_resp_func.c: 272] tcap_msg_begin_mt             : 128 bytes m3ua packet created
[m3ua.c              : 197] m3ua_free                     
[map-utils.c         :  12] ussd_session_comp_free        
[dialogue-utils.c    : 228] ussd_dialogue_request_free    
[sigtran_http_resp_func.c: 384] sigtran_http_resp_func        : Response=65534
[mod_http.c          : 352] http_on_data                  
[mod_http.c          : 360] http_on_data                  : Client socket got EPOLL{RDHUP|HUP|ERR}. Closing session.
RESP {65535}: [0Tracking data not yet received from HLR. Please try again.]
[sigtran_tcap.c      :  52] tcap_msg_resp                 
[sigtran_tcap.c      : 102] tcap_msg_resp                 : Dialogue PDU needed
[dialogue-utils.c    : 251] ussd_dialogue_response_accepted
[map-utils.c         : 177] ussd_session_comp_build       
[map-utils.c         : 236] map_build_ussd_arg            
[map-utils.c         :  54] sigtran_create_map_comp       
[map-utils.c         : 271] map_free_ussd_arg             
[map-utils.c         :  12] ussd_session_comp_free        
[dialogue-utils.c    : 283] ussd_dialogue_response_free   
[mod_sigtran.c       : 799] sigtran_tcap_ready            
[mod_sigtran.c       : 627] sigtran_recv_from_tcap        
[mod_sigtran.c       : 641] sigtran_recv_from_tcap        : Data received from TCAP. Going to process.
[m3ua.c              : 474] m3ua_pdata2octet              
[m3ua.c              : 188] m3ua_add_tlv                  
[m3ua.c              :  41] m3ua2octet                    
[mod_sigtran.c       : 676] sigtran_recv_from_tcap        : 176 bytes m3ua packet created
[mod_sigtran.c       : 230] sigtran_tcap_info_free        
[m3ua.c              : 197] m3ua_free                     
[mod_sigtran.c       : 820] sigtran_m3ua_hb_ready         
[mod_sigtran.c       : 706] sigtran_m3ua_hb_process       
[mod_sigtran.c       : 714] sigtran_m3ua_hb_process       : *** Timer armed. Going to process.
[m3ua.c              : 419] m3ua_octet_ASPSM_BEAT         
[m3ua.c              :  14] m3ua_build                    
[m3ua.c              : 188] m3ua_add_tlv                  
[m3ua.c              :  41] m3ua2octet                    
[m3ua.c              : 197] m3ua_free                     
[mod_sigtran.c       : 742] sigtran_m3ua_hb_process       : Sending ASPSM BEAT [1]
[mod_sigtran.c       : 778] sigtran_on_data               
[mod_sigtran.c       : 766] sigtran_process_data          
[mod_sigtran.c       : 537] sigtran_state_machine         
[mod_sigtran.c       : 558] sigtran_state_machine         : From str:0 seq:26 (assoc:0x5b) [16 bytes]:
[m3ua.c              : 126] octet2m3ua                    
[m3ua.c              : 188] m3ua_add_tlv                  
[mod_sigtran.c       : 482] sigtran_state_aspsm           
[m3ua.c              : 197] m3ua_free                     
[mod_sigtran.c       : 820] sigtran_m3ua_hb_ready         
[mod_sigtran.c       : 706] sigtran_m3ua_hb_process       
[mod_sigtran.c       : 714] sigtran_m3ua_hb_process       : *** Timer armed. Going to process.
[m3ua.c              : 419] m3ua_octet_ASPSM_BEAT         
[m3ua.c              :  14] m3ua_build                    
[m3ua.c              : 188] m3ua_add_tlv                  
[m3ua.c              :  41] m3ua2octet                    
[m3ua.c              : 197] m3ua_free                     
[mod_sigtran.c       : 742] sigtran_m3ua_hb_process       : Sending ASPSM BEAT [1]
[mod_sigtran.c       : 778] sigtran_on_data               
[mod_sigtran.c       : 766] sigtran_process_data          
[mod_sigtran.c       : 537] sigtran_state_machine         
[mod_sigtran.c       : 558] sigtran_state_machine         : From str:0 seq:27 (assoc:0x5b) [16 bytes]:
[m3ua.c              : 126] octet2m3ua                    
[m3ua.c              : 188] m3ua_add_tlv                  
[mod_sigtran.c       : 482] sigtran_state_aspsm           
[m3ua.c              : 197] m3ua_free                     
[mod_sigtran.c       : 820] sigtran_m3ua_hb_ready         
[mod_sigtran.c       : 706] sigtran_m3ua_hb_process       
[mod_sigtran.c       : 714] sigtran_m3ua_hb_process       : *** Timer armed. Going to process.
[m3ua.c              : 419] m3ua_octet_ASPSM_BEAT         
[m3ua.c              :  14] m3ua_build                    
[m3ua.c              : 188] m3ua_add_tlv                  
[m3ua.c              :  41] m3ua2octet                    
[m3ua.c              : 197] m3ua_free                     
[mod_sigtran.c       : 742] sigtran_m3ua_hb_process       : Sending ASPSM BEAT [1]
[mod_sigtran.c       : 778] sigtran_on_data               
[mod_sigtran.c       : 766] sigtran_process_data          
[mod_sigtran.c       : 537] sigtran_state_machine         
[mod_sigtran.c       : 558] sigtran_state_machine         : From str:0 seq:28 (assoc:0x5b) [16 bytes]:
[m3ua.c              : 126] octet2m3ua                    
[m3ua.c              : 188] m3ua_add_tlv                  
[mod_sigtran.c       : 482] sigtran_state_aspsm           
[m3ua.c              : 197] m3ua_free                     
[mod_sigtran.c       : 820] sigtran_m3ua_hb_ready         
[mod_sigtran.c       : 706] sigtran_m3ua_hb_process       
[mod_sigtran.c       : 714] sigtran_m3ua_hb_process       : *** Timer armed. Going to process.
[m3ua.c              : 419] m3ua_octet_ASPSM_BEAT         
[m3ua.c              :  14] m3ua_build                    
[m3ua.c              : 188] m3ua_add_tlv                  
[m3ua.c              :  41] m3ua2octet                    
[m3ua.c              : 197] m3ua_free                     
[mod_sigtran.c       : 742] sigtran_m3ua_hb_process       : Sending ASPSM BEAT [1]
[mod_sigtran.c       : 778] sigtran_on_data               
[mod_sigtran.c       : 766] sigtran_process_data          
[mod_sigtran.c       : 537] sigtran_state_machine         
[mod_sigtran.c       : 558] sigtran_state_machine         : From str:0 seq:29 (assoc:0x5b) [16 bytes]:
[m3ua.c              : 126] octet2m3ua                    
[m3ua.c              : 188] m3ua_add_tlv                  
[mod_sigtran.c       : 482] sigtran_state_aspsm           
[m3ua.c              : 197] m3ua_free                     
[mod_sigtran.c       : 820] sigtran_m3ua_hb_ready         
[mod_sigtran.c       : 706] sigtran_m3ua_hb_process       
[mod_sigtran.c       : 714] sigtran_m3ua_hb_process       : *** Timer armed. Going to process.
[m3ua.c              : 419] m3ua_octet_ASPSM_BEAT         
[m3ua.c              :  14] m3ua_build                    
[m3ua.c              : 188] m3ua_add_tlv                  
[m3ua.c              :  41] m3ua2octet                    
[m3ua.c              : 197] m3ua_free                     
[mod_sigtran.c       : 742] sigtran_m3ua_hb_process       : Sending ASPSM BEAT [1]
[mod_sigtran.c       : 778] sigtran_on_data               
[mod_sigtran.c       : 766] sigtran_process_data          
[mod_sigtran.c       : 537] sigtran_state_machine         
[mod_sigtran.c       : 558] sigtran_state_machine         : From str:0 seq:30 (assoc:0x5b) [16 bytes]:
[m3ua.c              : 126] octet2m3ua                    
[m3ua.c              : 188] m3ua_add_tlv                  
[mod_sigtran.c       : 482] sigtran_state_aspsm           
[m3ua.c              : 197] m3ua_free                     
[mod_sigtran.c       : 820] sigtran_m3ua_hb_ready         
[mod_sigtran.c       : 706] sigtran_m3ua_hb_process       
[mod_sigtran.c       : 714] sigtran_m3ua_hb_process       : *** Timer armed. Going to process.
[m3ua.c              : 419] m3ua_octet_ASPSM_BEAT         
[m3ua.c              :  14] m3ua_build                    
[m3ua.c              : 188] m3ua_add_tlv                  
[m3ua.c              :  41] m3ua2octet                    
[m3ua.c              : 197] m3ua_free                     
[mod_sigtran.c       : 742] sigtran_m3ua_hb_process       : Sending ASPSM BEAT [1]
[mod_sigtran.c       : 778] sigtran_on_data               
[mod_sigtran.c       : 766] sigtran_process_data          
[mod_sigtran.c       : 537] sigtran_state_machine         
[mod_sigtran.c       : 558] sigtran_state_machine         : From str:0 seq:31 (assoc:0x5b) [16 bytes]:
[m3ua.c              : 126] octet2m3ua                    
[m3ua.c              : 188] m3ua_add_tlv                  
[mod_sigtran.c       : 482] sigtran_state_aspsm           
[m3ua.c              : 197] m3ua_free                     
[mod_sigtran.c       : 820] sigtran_m3ua_hb_ready         
[mod_sigtran.c       : 706] sigtran_m3ua_hb_process       
[mod_sigtran.c       : 714] sigtran_m3ua_hb_process       : *** Timer armed. Going to process.
[m3ua.c              : 419] m3ua_octet_ASPSM_BEAT         
[m3ua.c              :  14] m3ua_build                    
[m3ua.c              : 188] m3ua_add_tlv                  
[m3ua.c              :  41] m3ua2octet                    
[m3ua.c              : 197] m3ua_free                     
[mod_sigtran.c       : 742] sigtran_m3ua_hb_process       : Sending ASPSM BEAT [1]
[mod_sigtran.c       : 778] sigtran_on_data               
[mod_sigtran.c       : 766] sigtran_process_data          
[mod_sigtran.c       : 537] sigtran_state_machine         
[mod_sigtran.c       : 558] sigtran_state_machine         : From str:0 seq:32 (assoc:0x5b) [16 bytes]:
[m3ua.c              : 126] octet2m3ua                    
[m3ua.c              : 188] m3ua_add_tlv                  
[mod_sigtran.c       : 482] sigtran_state_aspsm           
[m3ua.c              : 197] m3ua_free                     
[mod_sigtran.c       : 820] sigtran_m3ua_hb_ready         
[mod_sigtran.c       : 706] sigtran_m3ua_hb_process       
[mod_sigtran.c       : 714] sigtran_m3ua_hb_process       : *** Timer armed. Going to process.
[m3ua.c              : 419] m3ua_octet_ASPSM_BEAT         
[m3ua.c              :  14] m3ua_build                    
[m3ua.c              : 188] m3ua_add_tlv                  
[m3ua.c              :  41] m3ua2octet                    
[m3ua.c              : 197] m3ua_free                     
[mod_sigtran.c       : 742] sigtran_m3ua_hb_process       : Sending ASPSM BEAT [1]
[mod_sigtran.c       : 778] sigtran_on_data               
[mod_sigtran.c       : 766] sigtran_process_data          
[mod_sigtran.c       : 537] sigtran_state_machine         
[mod_sigtran.c       : 558] sigtran_state_machine         : From str:0 seq:33 (assoc:0x5b) [16 bytes]:
[m3ua.c              : 126] octet2m3ua                    
[m3ua.c              : 188] m3ua_add_tlv                  
[mod_sigtran.c       : 482] sigtran_state_aspsm           
[m3ua.c              : 197] m3ua_free                     
[mod_sigtran.c       : 820] sigtran_m3ua_hb_ready         
[mod_sigtran.c       : 706] sigtran_m3ua_hb_process       
[mod_sigtran.c       : 714] sigtran_m3ua_hb_process       : *** Timer armed. Going to process.
[m3ua.c              : 419] m3ua_octet_ASPSM_BEAT         
[m3ua.c              :  14] m3ua_build                    
[m3ua.c              : 188] m3ua_add_tlv                  
[m3ua.c              :  41] m3ua2octet                    
[m3ua.c              : 197] m3ua_free                     
[mod_sigtran.c       : 742] sigtran_m3ua_hb_process       : Sending ASPSM BEAT [1]
[mod_sigtran.c       : 778] sigtran_on_data               
[mod_sigtran.c       : 766] sigtran_process_data          
[mod_sigtran.c       : 537] sigtran_state_machine         
[mod_sigtran.c       : 558] sigtran_state_machine         : From str:0 seq:34 (assoc:0x5b) [16 bytes]:
[m3ua.c              : 126] octet2m3ua                    
[m3ua.c              : 188] m3ua_add_tlv                  
[mod_sigtran.c       : 482] sigtran_state_aspsm           
[m3ua.c              : 197] m3ua_free                     
[mod_sigtran.c       : 820] sigtran_m3ua_hb_ready         
[mod_sigtran.c       : 706] sigtran_m3ua_hb_process       
[mod_sigtran.c       : 714] sigtran_m3ua_hb_process       : *** Timer armed. Going to process.
[m3ua.c              : 419] m3ua_octet_ASPSM_BEAT         
[m3ua.c              :  14] m3ua_build                    
[m3ua.c              : 188] m3ua_add_tlv                  
[m3ua.c              :  41] m3ua2octet                    
[m3ua.c              : 197] m3ua_free                     
[mod_sigtran.c       : 742] sigtran_m3ua_hb_process       : Sending ASPSM BEAT [1]
[mod_sigtran.c       : 778] sigtran_on_data               
[mod_sigtran.c       : 766] sigtran_process_data          
[mod_sigtran.c       : 537] sigtran_state_machine         
[mod_sigtran.c       : 558] sigtran_state_machine         : From str:0 seq:35 (assoc:0x5b) [16 bytes]:
[m3ua.c              : 126] octet2m3ua                    
[m3ua.c              : 188] m3ua_add_tlv                  
[mod_sigtran.c       : 482] sigtran_state_aspsm           
[m3ua.c              : 197] m3ua_free                     
[mod_sigtran.c       : 820] sigtran_m3ua_hb_ready         
[mod_sigtran.c       : 706] sigtran_m3ua_hb_process       
[mod_sigtran.c       : 714] sigtran_m3ua_hb_process       : *** Timer armed. Going to process.
[m3ua.c              : 419] m3ua_octet_ASPSM_BEAT         
[m3ua.c              :  14] m3ua_build                    
[m3ua.c              : 188] m3ua_add_tlv                  
[m3ua.c              :  41] m3ua2octet                    
[m3ua.c              : 197] m3ua_free                     
[mod_sigtran.c       : 742] sigtran_m3ua_hb_process       : Sending ASPSM BEAT [1]
[mod_sigtran.c       : 778] sigtran_on_data               
[mod_sigtran.c       : 766] sigtran_process_data          
[mod_sigtran.c       : 537] sigtran_state_machine         
[mod_sigtran.c       : 558] sigtran_state_machine         : From str:0 seq:36 (assoc:0x5b) [16 bytes]:
[m3ua.c              : 126] octet2m3ua                    
[m3ua.c              : 188] m3ua_add_tlv                  
[mod_sigtran.c       : 482] sigtran_state_aspsm           
[m3ua.c              : 197] m3ua_free                     
[mod_sigtran.c       : 820] sigtran_m3ua_hb_ready         
[mod_sigtran.c       : 706] sigtran_m3ua_hb_process       
[mod_sigtran.c       : 714] sigtran_m3ua_hb_process       : *** Timer armed. Going to process.
[m3ua.c              : 419] m3ua_octet_ASPSM_BEAT         
[m3ua.c              :  14] m3ua_build                    
[m3ua.c              : 188] m3ua_add_tlv                  
[m3ua.c              :  41] m3ua2octet                    
[m3ua.c              : 197] m3ua_free                     
[mod_sigtran.c       : 742] sigtran_m3ua_hb_process       : Sending ASPSM BEAT [1]
[mod_sigtran.c       : 778] sigtran_on_data               
[mod_sigtran.c       : 766] sigtran_process_data          
[mod_sigtran.c       : 537] sigtran_state_machine         
[mod_sigtran.c       : 558] sigtran_state_machine         : From str:0 seq:37 (assoc:0x5b) [16 bytes]:
[m3ua.c              : 126] octet2m3ua                    
[m3ua.c              : 188] m3ua_add_tlv                  
[mod_sigtran.c       : 482] sigtran_state_aspsm           
[m3ua.c              : 197] m3ua_free                     
[mod_sigtran.c       : 820] sigtran_m3ua_hb_ready         
[mod_sigtran.c       : 706] sigtran_m3ua_hb_process       
[mod_sigtran.c       : 714] sigtran_m3ua_hb_process       : *** Timer armed. Going to process.
[m3ua.c              : 419] m3ua_octet_ASPSM_BEAT         
[m3ua.c              :  14] m3ua_build                    
[m3ua.c              : 188] m3ua_add_tlv                  
[m3ua.c              :  41] m3ua2octet                    
[m3ua.c              : 197] m3ua_free                     
[mod_sigtran.c       : 742] sigtran_m3ua_hb_process       : Sending ASPSM BEAT [1]
[mod_sigtran.c       : 778] sigtran_on_data               
[mod_sigtran.c       : 766] sigtran_process_data          
[mod_sigtran.c       : 537] sigtran_state_machine         
[mod_sigtran.c       : 558] sigtran_state_machine         : From str:0 seq:38 (assoc:0x5b) [16 bytes]:
[m3ua.c              : 126] octet2m3ua                    
[m3ua.c              : 188] m3ua_add_tlv                  
[mod_sigtran.c       : 482] sigtran_state_aspsm           
[m3ua.c              : 197] m3ua_free                     
[mod_sigtran.c       : 820] sigtran_m3ua_hb_ready         
[mod_sigtran.c       : 706] sigtran_m3ua_hb_process       
[mod_sigtran.c       : 714] sigtran_m3ua_hb_process       : *** Timer armed. Going to process.
[m3ua.c              : 419] m3ua_octet_ASPSM_BEAT         
[m3ua.c              :  14] m3ua_build                    
[m3ua.c              : 188] m3ua_add_tlv                  
[m3ua.c              :  41] m3ua2octet                    
[m3ua.c              : 197] m3ua_free                     
[mod_sigtran.c       : 742] sigtran_m3ua_hb_process       : Sending ASPSM BEAT [1]
[mod_sigtran.c       : 778] sigtran_on_data               
[mod_sigtran.c       : 766] sigtran_process_data          
[mod_sigtran.c       : 537] sigtran_state_machine         
[mod_sigtran.c       : 558] sigtran_state_machine         : From str:0 seq:39 (assoc:0x5b) [16 bytes]:
[m3ua.c              : 126] octet2m3ua                    
[m3ua.c              : 188] m3ua_add_tlv                  
[mod_sigtran.c       : 482] sigtran_state_aspsm           
[m3ua.c              : 197] m3ua_free                     
[mod_sigtran.c       : 820] sigtran_m3ua_hb_ready         
[mod_sigtran.c       : 706] sigtran_m3ua_hb_process       
[mod_sigtran.c       : 714] sigtran_m3ua_hb_process       : *** Timer armed. Going to process.
[m3ua.c              : 419] m3ua_octet_ASPSM_BEAT         
[m3ua.c              :  14] m3ua_build                    
[m3ua.c              : 188] m3ua_add_tlv                  
[m3ua.c              :  41] m3ua2octet                    
[m3ua.c              : 197] m3ua_free                     
[mod_sigtran.c       : 742] sigtran_m3ua_hb_process       : Sending ASPSM BEAT [1]
[mod_sigtran.c       : 778] sigtran_on_data               
[mod_sigtran.c       : 766] sigtran_process_data          
[mod_sigtran.c       : 537] sigtran_state_machine         
[mod_sigtran.c       : 558] sigtran_state_machine         : From str:0 seq:40 (assoc:0x5b) [16 bytes]:
[m3ua.c              : 126] octet2m3ua                    
[m3ua.c              : 188] m3ua_add_tlv                  
[mod_sigtran.c       : 482] sigtran_state_aspsm           
[m3ua.c              : 197] m3ua_free                     
[mod_sigtran.c       : 820] sigtran_m3ua_hb_ready         
[mod_sigtran.c       : 706] sigtran_m3ua_hb_process       
[mod_sigtran.c       : 714] sigtran_m3ua_hb_process       : *** Timer armed. Going to process.
[m3ua.c              : 419] m3ua_octet_ASPSM_BEAT         
[m3ua.c              :  14] m3ua_build                    
[m3ua.c              : 188] m3ua_add_tlv                  
[m3ua.c              :  41] m3ua2octet                    
[m3ua.c              : 197] m3ua_free                     
[mod_sigtran.c       : 742] sigtran_m3ua_hb_process       : Sending ASPSM BEAT [1]
[mod_sigtran.c       : 778] sigtran_on_data               
[mod_sigtran.c       : 766] sigtran_process_data          
[mod_sigtran.c       : 537] sigtran_state_machine         
[mod_sigtran.c       : 558] sigtran_state_machine         : From str:0 seq:41 (assoc:0x5b) [16 bytes]:
[m3ua.c              : 126] octet2m3ua                    
[m3ua.c              : 188] m3ua_add_tlv                  
[mod_sigtran.c       : 482] sigtran_state_aspsm           
[m3ua.c              : 197] m3ua_free                     
[mod_sigtran.c       : 820] sigtran_m3ua_hb_ready         
[mod_sigtran.c       : 706] sigtran_m3ua_hb_process       
[mod_sigtran.c       : 714] sigtran_m3ua_hb_process       : *** Timer armed. Going to process.
[m3ua.c              : 419] m3ua_octet_ASPSM_BEAT         
[m3ua.c              :  14] m3ua_build                    
[m3ua.c              : 188] m3ua_add_tlv                  
[m3ua.c              :  41] m3ua2octet                    
[m3ua.c              : 197] m3ua_free                     
[mod_sigtran.c       : 742] sigtran_m3ua_hb_process       : Sending ASPSM BEAT [1]
[mod_sigtran.c       : 778] sigtran_on_data               
[mod_sigtran.c       : 766] sigtran_process_data          
[mod_sigtran.c       : 537] sigtran_state_machine         
[mod_sigtran.c       : 558] sigtran_state_machine         : From str:0 seq:42 (assoc:0x5b) [16 bytes]:
[m3ua.c              : 126] octet2m3ua                    
[m3ua.c              : 188] m3ua_add_tlv                  
[mod_sigtran.c       : 482] sigtran_state_aspsm           
[m3ua.c              : 197] m3ua_free                     
[mod_sigtran.c       : 820] sigtran_m3ua_hb_ready         
[mod_sigtran.c       : 706] sigtran_m3ua_hb_process       
[mod_sigtran.c       : 714] sigtran_m3ua_hb_process       : *** Timer armed. Going to process.
[m3ua.c              : 419] m3ua_octet_ASPSM_BEAT         
[m3ua.c              :  14] m3ua_build                    
[m3ua.c              : 188] m3ua_add_tlv                  
[m3ua.c              :  41] m3ua2octet                    
[m3ua.c              : 197] m3ua_free                     
[mod_sigtran.c       : 742] sigtran_m3ua_hb_process       : Sending ASPSM BEAT [1]
[mod_sigtran.c       : 778] sigtran_on_data               
[mod_sigtran.c       : 766] sigtran_process_data          
[mod_sigtran.c       : 537] sigtran_state_machine         
[mod_sigtran.c       : 558] sigtran_state_machine         : From str:0 seq:43 (assoc:0x5b) [16 bytes]:
[m3ua.c              : 126] octet2m3ua                    
[m3ua.c              : 188] m3ua_add_tlv                  
[mod_sigtran.c       : 482] sigtran_state_aspsm           
[m3ua.c              : 197] m3ua_free                     
[mod_sigtran.c       : 820] sigtran_m3ua_hb_ready         
[mod_sigtran.c       : 706] sigtran_m3ua_hb_process       
[mod_sigtran.c       : 714] sigtran_m3ua_hb_process       : *** Timer armed. Going to process.
[m3ua.c              : 419] m3ua_octet_ASPSM_BEAT         
[m3ua.c              :  14] m3ua_build                    
[m3ua.c              : 188] m3ua_add_tlv                  
[m3ua.c              :  41] m3ua2octet                    
[m3ua.c              : 197] m3ua_free                     
[mod_sigtran.c       : 742] sigtran_m3ua_hb_process       : Sending ASPSM BEAT [1]
[mod_sigtran.c       : 778] sigtran_on_data               
[mod_sigtran.c       : 766] sigtran_process_data          
[mod_sigtran.c       : 537] sigtran_state_machine         
[mod_sigtran.c       : 558] sigtran_state_machine         : From str:0 seq:44 (assoc:0x5b) [16 bytes]:
[m3ua.c              : 126] octet2m3ua                    
[m3ua.c              : 188] m3ua_add_tlv                  
[mod_sigtran.c       : 482] sigtran_state_aspsm           
[m3ua.c              : 197] m3ua_free                     
[mod_sigtran.c       : 820] sigtran_m3ua_hb_ready         
[mod_sigtran.c       : 706] sigtran_m3ua_hb_process       
[mod_sigtran.c       : 714] sigtran_m3ua_hb_process       : *** Timer armed. Going to process.
[m3ua.c              : 419] m3ua_octet_ASPSM_BEAT         
[m3ua.c              :  14] m3ua_build                    
[m3ua.c              : 188] m3ua_add_tlv                  
[m3ua.c              :  41] m3ua2octet                    
[m3ua.c              : 197] m3ua_free                     
[mod_sigtran.c       : 742] sigtran_m3ua_hb_process       : Sending ASPSM BEAT [1]
[mod_sigtran.c       : 778] sigtran_on_data               
[mod_sigtran.c       : 766] sigtran_process_data          
[mod_sigtran.c       : 537] sigtran_state_machine         
[mod_sigtran.c       : 558] sigtran_state_machine         : From str:0 seq:45 (assoc:0x5b) [16 bytes]:
[m3ua.c              : 126] octet2m3ua                    
[m3ua.c              : 188] m3ua_add_tlv                  
[mod_sigtran.c       : 482] sigtran_state_aspsm           
[m3ua.c              : 197] m3ua_free                     
[mod_sigtran.c       : 820] sigtran_m3ua_hb_ready         
[mod_sigtran.c       : 706] sigtran_m3ua_hb_process       
[mod_sigtran.c       : 714] sigtran_m3ua_hb_process       : *** Timer armed. Going to process.
[m3ua.c              : 419] m3ua_octet_ASPSM_BEAT         
[m3ua.c              :  14] m3ua_build                    
[m3ua.c              : 188] m3ua_add_tlv                  
[m3ua.c              :  41] m3ua2octet                    
[m3ua.c              : 197] m3ua_free                     
[mod_sigtran.c       : 742] sigtran_m3ua_hb_process       : Sending ASPSM BEAT [1]
[mod_sigtran.c       : 778] sigtran_on_data               
[mod_sigtran.c       : 766] sigtran_process_data          
[mod_sigtran.c       : 537] sigtran_state_machine         
[mod_sigtran.c       : 558] sigtran_state_machine         : From str:0 seq:46 (assoc:0x5b) [16 bytes]:
[m3ua.c              : 126] octet2m3ua                    
[m3ua.c              : 188] m3ua_add_tlv                  
[mod_sigtran.c       : 482] sigtran_state_aspsm           
[m3ua.c              : 197] m3ua_free                     
[mod_sigtran.c       : 820] sigtran_m3ua_hb_ready         
[mod_sigtran.c       : 706] sigtran_m3ua_hb_process       
[mod_sigtran.c       : 714] sigtran_m3ua_hb_process       : *** Timer armed. Going to process.
[m3ua.c              : 419] m3ua_octet_ASPSM_BEAT         
[m3ua.c              :  14] m3ua_build                    
[m3ua.c              : 188] m3ua_add_tlv                  
[m3ua.c              :  41] m3ua2octet                    
[m3ua.c              : 197] m3ua_free                     
[mod_sigtran.c       : 742] sigtran_m3ua_hb_process       : Sending ASPSM BEAT [1]
[mod_sigtran.c       : 778] sigtran_on_data               
[mod_sigtran.c       : 766] sigtran_process_data          
[mod_sigtran.c       : 537] sigtran_state_machine         
[mod_sigtran.c       : 558] sigtran_state_machine         : From str:0 seq:47 (assoc:0x5b) [16 bytes]:
[m3ua.c              : 126] octet2m3ua                    
[m3ua.c              : 188] m3ua_add_tlv                  
[mod_sigtran.c       : 482] sigtran_state_aspsm           
[m3ua.c              : 197] m3ua_free                     
[mod_sigtran.c       : 820] sigtran_m3ua_hb_ready         
[mod_sigtran.c       : 706] sigtran_m3ua_hb_process       
[mod_sigtran.c       : 714] sigtran_m3ua_hb_process       : *** Timer armed. Going to process.
[m3ua.c              : 419] m3ua_octet_ASPSM_BEAT         
[m3ua.c              :  14] m3ua_build                    
[m3ua.c              : 188] m3ua_add_tlv                  
[m3ua.c              :  41] m3ua2octet                    
[m3ua.c              : 197] m3ua_free                     
[mod_sigtran.c       : 742] sigtran_m3ua_hb_process       : Sending ASPSM BEAT [1]
[mod_sigtran.c       : 778] sigtran_on_data               
[mod_sigtran.c       : 766] sigtran_process_data          
[mod_sigtran.c       : 537] sigtran_state_machine         
[mod_sigtran.c       : 558] sigtran_state_machine         : From str:0 seq:48 (assoc:0x5b) [16 bytes]:
[m3ua.c              : 126] octet2m3ua                    
[m3ua.c              : 188] m3ua_add_tlv                  
[mod_sigtran.c       : 482] sigtran_state_aspsm           
[m3ua.c              : 197] m3ua_free                     
[mod_sigtran.c       : 820] sigtran_m3ua_hb_ready         
[mod_sigtran.c       : 706] sigtran_m3ua_hb_process       
[mod_sigtran.c       : 714] sigtran_m3ua_hb_process       : *** Timer armed. Going to process.
[m3ua.c              : 419] m3ua_octet_ASPSM_BEAT         
[m3ua.c              :  14] m3ua_build                    
[m3ua.c              : 188] m3ua_add_tlv                  
[m3ua.c              :  41] m3ua2octet                    
[m3ua.c              : 197] m3ua_free                     
[mod_sigtran.c       : 742] sigtran_m3ua_hb_process       : Sending ASPSM BEAT [1]
[mod_sigtran.c       : 778] sigtran_on_data               
[mod_sigtran.c       : 766] sigtran_process_data          
[mod_sigtran.c       : 537] sigtran_state_machine         
[mod_sigtran.c       : 558] sigtran_state_machine         : From str:0 seq:49 (assoc:0x5b) [16 bytes]:
[m3ua.c              : 126] octet2m3ua                    
[m3ua.c              : 188] m3ua_add_tlv                  
[mod_sigtran.c       : 482] sigtran_state_aspsm           
[m3ua.c              : 197] m3ua_free                     
[mod_sigtran.c       : 820] sigtran_m3ua_hb_ready         
[mod_sigtran.c       : 706] sigtran_m3ua_hb_process       
[mod_sigtran.c       : 714] sigtran_m3ua_hb_process       : *** Timer armed. Going to process.
[m3ua.c              : 419] m3ua_octet_ASPSM_BEAT         
[m3ua.c              :  14] m3ua_build                    
[m3ua.c              : 188] m3ua_add_tlv                  
[m3ua.c              :  41] m3ua2octet                    
[m3ua.c              : 197] m3ua_free                     
[mod_sigtran.c       : 742] sigtran_m3ua_hb_process       : Sending ASPSM BEAT [1]
[mod_sigtran.c       : 778] sigtran_on_data               
[mod_sigtran.c       : 766] sigtran_process_data          
[mod_sigtran.c       : 537] sigtran_state_machine         
[mod_sigtran.c       : 558] sigtran_state_machine         : From str:0 seq:50 (assoc:0x5b) [16 bytes]:
[m3ua.c              : 126] octet2m3ua                    
[m3ua.c              : 188] m3ua_add_tlv                  
[mod_sigtran.c       : 482] sigtran_state_aspsm           
[m3ua.c              : 197] m3ua_free                     
[mod_sigtran.c       : 820] sigtran_m3ua_hb_ready         
[mod_sigtran.c       : 706] sigtran_m3ua_hb_process       
[mod_sigtran.c       : 714] sigtran_m3ua_hb_process       : *** Timer armed. Going to process.
[m3ua.c              : 419] m3ua_octet_ASPSM_BEAT         
[m3ua.c              :  14] m3ua_build                    
[m3ua.c              : 188] m3ua_add_tlv                  
[m3ua.c              :  41] m3ua2octet                    
[m3ua.c              : 197] m3ua_free                     
[mod_sigtran.c       : 742] sigtran_m3ua_hb_process       : Sending ASPSM BEAT [1]
[mod_sigtran.c       : 778] sigtran_on_data               
[mod_sigtran.c       : 766] sigtran_process_data          
[mod_sigtran.c       : 537] sigtran_state_machine         
[mod_sigtran.c       : 558] sigtran_state_machine         : From str:0 seq:51 (assoc:0x5b) [16 bytes]:
[m3ua.c              : 126] octet2m3ua                    
[m3ua.c              : 188] m3ua_add_tlv                  
[mod_sigtran.c       : 482] sigtran_state_aspsm           
[m3ua.c              : 197] m3ua_free                     
