This file contains any messages produced by compilers while
running configure, to aid debugging if configure makes a mistake.

It was created by Judy configure 1.0.5, which was
generated by GNU Autoconf 2.63.  Invocation command line was

  $ ./configure 

## --------- ##
## Platform. ##
## --------- ##

hostname = stmaster
uname -m = x86_64
uname -r = 2.6.32-431.el6.x86_64
uname -s = Linux
uname -v = #1 SMP Fri Nov 22 03:15:09 UTC 2013

/usr/bin/uname -p = unknown
/bin/uname -X     = unknown

/bin/arch              = x86_64
/usr/bin/arch -k       = unknown
/usr/convex/getsysinfo = unknown
/usr/bin/hostinfo      = unknown
/bin/machine           = unknown
/usr/bin/oslevel       = unknown
/bin/universe          = unknown

PATH: /usr/local/sbin
PATH: /sbin
PATH: /bin
PATH: /usr/sbin
PATH: /usr/bin


## ----------- ##
## Core tests. ##
## ----------- ##

configure:2040: checking whether to enable maintainer-specific portions of Makefiles
configure:2049: result: no
configure:2110: checking for a BSD-compatible install
configure:2178: result: /usr/bin/install -c
configure:2189: checking whether build environment is sane
configure:2249: result: yes
configure:2390: checking for a thread-safe mkdir -p
configure:2429: result: /bin/mkdir -p
configure:2442: checking for gawk
configure:2458: found /bin/gawk
configure:2469: result: gawk
configure:2480: checking whether make sets $(MAKE)
configure:2502: result: yes
configure:2593: checking which flavor to build
configure:2636: result: product
configure:2688: checking for gcc
configure:2704: found /usr/bin/gcc
configure:2715: result: gcc
configure:2947: checking for C compiler version
configure:2955: gcc --version >&5
gcc (GCC) 4.4.7 20120313 (Red Hat 4.4.7-11)
Copyright (C) 2010 Free Software Foundation, Inc.
This is free software; see the source for copying conditions.  There is NO
warranty; not even for MERCHANTABILITY or FITNESS FOR A PARTICULAR PURPOSE.

configure:2959: $? = 0
configure:2966: gcc -v >&5
Using built-in specs.
Target: x86_64-redhat-linux
Configured with: ../configure --prefix=/usr --mandir=/usr/share/man --infodir=/usr/share/info --with-bugurl=http://bugzilla.redhat.com/bugzilla --enable-bootstrap --enable-shared --enable-threads=posix --enable-checking=release --with-system-zlib --enable-__cxa_atexit --disable-libunwind-exceptions --enable-gnu-unique-object --enable-languages=c,c++,objc,obj-c++,java,fortran,ada --enable-java-awt=gtk --disable-dssi --with-java-home=/usr/lib/jvm/java-1.5.0-gcj-1.5.0.0/jre --enable-libgcj-multifile --enable-java-maintainer-mode --with-ecj-jar=/usr/share/java/eclipse-ecj.jar --disable-libjava-multilib --with-ppl --with-cloog --with-tune=generic --with-arch_32=i686 --build=x86_64-redhat-linux
Thread model: posix
gcc version 4.4.7 20120313 (Red Hat 4.4.7-11) (GCC) 
configure:2970: $? = 0
configure:2977: gcc -V >&5
gcc: '-V' option must have argument
configure:2981: $? = 1
configure:3004: checking for C compiler default output file name
configure:3026: gcc    conftest.c  >&5
configure:3030: $? = 0
configure:3068: result: a.out
configure:3087: checking whether the C compiler works
configure:3097: ./a.out
configure:3101: $? = 0
configure:3120: result: yes
configure:3127: checking whether we are cross compiling
configure:3129: result: no
configure:3132: checking for suffix of executables
configure:3139: gcc -o conftest    conftest.c  >&5
configure:3143: $? = 0
configure:3169: result: 
configure:3175: checking for suffix of object files
configure:3201: gcc -c   conftest.c >&5
configure:3205: $? = 0
configure:3230: result: o
configure:3234: checking whether we are using the GNU C compiler
configure:3263: gcc -c   conftest.c >&5
configure:3270: $? = 0
configure:3287: result: yes
configure:3296: checking whether gcc accepts -g
configure:3326: gcc -c -g  conftest.c >&5
configure:3333: $? = 0
configure:3434: result: yes
configure:3451: checking for gcc option to accept ISO C89
configure:3525: gcc  -c -g -O2  conftest.c >&5
configure:3532: $? = 0
configure:3555: result: none needed
configure:3584: checking for style of include used by make
configure:3612: result: GNU
configure:3637: checking dependency style of gcc
configure:3747: result: gcc3
configure:3767: checking how to run the C preprocessor
configure:3807: gcc -E  conftest.c
configure:3814: $? = 0
configure:3845: gcc -E  conftest.c
conftest.c:10:28: error: ac_nonexistent.h: No such file or directory
configure:3852: $? = 1
configure: failed program was:
| /* confdefs.h.  */
| #define PACKAGE_NAME "Judy"
| #define PACKAGE_TARNAME "judy"
| #define PACKAGE_VERSION "1.0.5"
| #define PACKAGE_STRING "Judy 1.0.5"
| #define PACKAGE_BUGREPORT "dougbaskins@yahoo.com"
| #define PACKAGE "Judy"
| #define VERSION "1.0.5"
| /* end confdefs.h.  */
| #include <ac_nonexistent.h>
configure:3885: result: gcc -E
configure:3914: gcc -E  conftest.c
configure:3921: $? = 0
configure:3952: gcc -E  conftest.c
conftest.c:10:28: error: ac_nonexistent.h: No such file or directory
configure:3959: $? = 1
configure: failed program was:
| /* confdefs.h.  */
| #define PACKAGE_NAME "Judy"
| #define PACKAGE_TARNAME "judy"
| #define PACKAGE_VERSION "1.0.5"
| #define PACKAGE_STRING "Judy 1.0.5"
| #define PACKAGE_BUGREPORT "dougbaskins@yahoo.com"
| #define PACKAGE "Judy"
| #define VERSION "1.0.5"
| /* end confdefs.h.  */
| #include <ac_nonexistent.h>
configure:4012: checking for a BSD-compatible install
configure:4080: result: /usr/bin/install -c
configure:4091: checking whether ln -s works
configure:4095: result: yes
configure:4102: checking whether make sets $(MAKE)
configure:4124: result: yes
configure:4136: checking for grep that handles long lines and -e
configure:4196: result: /bin/grep
configure:4201: checking for egrep
configure:4265: result: /bin/grep -E
configure:4270: checking for ANSI C header files
configure:4300: gcc -c -g -O2  conftest.c >&5
configure:4307: $? = 0
configure:4406: gcc -o conftest -g -O2   conftest.c  >&5
configure:4410: $? = 0
configure:4416: ./conftest
configure:4420: $? = 0
configure:4438: result: yes
configure:4462: checking for sys/types.h
configure:4483: gcc -c -g -O2  conftest.c >&5
configure:4490: $? = 0
configure:4507: result: yes
configure:4462: checking for sys/stat.h
configure:4483: gcc -c -g -O2  conftest.c >&5
configure:4490: $? = 0
configure:4507: result: yes
configure:4462: checking for stdlib.h
configure:4483: gcc -c -g -O2  conftest.c >&5
configure:4490: $? = 0
configure:4507: result: yes
configure:4462: checking for string.h
configure:4483: gcc -c -g -O2  conftest.c >&5
configure:4490: $? = 0
configure:4507: result: yes
configure:4462: checking for memory.h
configure:4483: gcc -c -g -O2  conftest.c >&5
configure:4490: $? = 0
configure:4507: result: yes
configure:4462: checking for strings.h
configure:4483: gcc -c -g -O2  conftest.c >&5
configure:4490: $? = 0
configure:4507: result: yes
configure:4462: checking for inttypes.h
configure:4483: gcc -c -g -O2  conftest.c >&5
configure:4490: $? = 0
configure:4507: result: yes
configure:4462: checking for stdint.h
configure:4483: gcc -c -g -O2  conftest.c >&5
configure:4490: $? = 0
configure:4507: result: yes
configure:4462: checking for unistd.h
configure:4483: gcc -c -g -O2  conftest.c >&5
configure:4490: $? = 0
configure:4507: result: yes
configure:4548: checking fcntl.h usability
configure:4565: gcc -c -g -O2  conftest.c >&5
configure:4572: $? = 0
configure:4586: result: yes
configure:4590: checking fcntl.h presence
configure:4605: gcc -E  conftest.c
configure:4612: $? = 0
configure:4626: result: yes
configure:4659: checking for fcntl.h
configure:4668: result: yes
configure:4537: checking for inttypes.h
configure:4544: result: yes
configure:4548: checking limits.h usability
configure:4565: gcc -c -g -O2  conftest.c >&5
configure:4572: $? = 0
configure:4586: result: yes
configure:4590: checking limits.h presence
configure:4605: gcc -E  conftest.c
configure:4612: $? = 0
configure:4626: result: yes
configure:4659: checking for limits.h
configure:4668: result: yes
configure:4548: checking malloc.h usability
configure:4565: gcc -c -g -O2  conftest.c >&5
configure:4572: $? = 0
configure:4586: result: yes
configure:4590: checking malloc.h presence
configure:4605: gcc -E  conftest.c
configure:4612: $? = 0
configure:4626: result: yes
configure:4659: checking for malloc.h
configure:4668: result: yes
configure:4548: checking stddef.h usability
configure:4565: gcc -c -g -O2  conftest.c >&5
configure:4572: $? = 0
configure:4586: result: yes
configure:4590: checking stddef.h presence
configure:4605: gcc -E  conftest.c
configure:4612: $? = 0
configure:4626: result: yes
configure:4659: checking for stddef.h
configure:4668: result: yes
configure:4537: checking for stdint.h
configure:4544: result: yes
configure:4537: checking for stdlib.h
configure:4544: result: yes
configure:4537: checking for string.h
configure:4544: result: yes
configure:4537: checking for strings.h
configure:4544: result: yes
configure:4548: checking sys/param.h usability
configure:4565: gcc -c -g -O2  conftest.c >&5
configure:4572: $? = 0
configure:4586: result: yes
configure:4590: checking sys/param.h presence
configure:4605: gcc -E  conftest.c
configure:4612: $? = 0
configure:4626: result: yes
configure:4659: checking for sys/param.h
configure:4668: result: yes
configure:4548: checking sys/time.h usability
configure:4565: gcc -c -g -O2  conftest.c >&5
configure:4572: $? = 0
configure:4586: result: yes
configure:4590: checking sys/time.h presence
configure:4605: gcc -E  conftest.c
configure:4612: $? = 0
configure:4626: result: yes
configure:4659: checking for sys/time.h
configure:4668: result: yes
configure:4537: checking for unistd.h
configure:4544: result: yes
configure:4685: checking for stdbool.h that conforms to C99
configure:4780: gcc -c -g -O2  conftest.c >&5
configure:4787: $? = 0
configure:4802: result: yes
configure:4804: checking for _Bool
configure:4832: gcc -c -g -O2  conftest.c >&5
configure:4839: $? = 0
configure:4866: gcc -c -g -O2  conftest.c >&5
conftest.c: In function 'main':
conftest.c:68: error: expected expression before ')' token
configure:4873: $? = 1
configure: failed program was:
| /* confdefs.h.  */
| #define PACKAGE_NAME "Judy"
| #define PACKAGE_TARNAME "judy"
| #define PACKAGE_VERSION "1.0.5"
| #define PACKAGE_STRING "Judy 1.0.5"
| #define PACKAGE_BUGREPORT "dougbaskins@yahoo.com"
| #define PACKAGE "Judy"
| #define VERSION "1.0.5"
| #define STDC_HEADERS 1
| #define HAVE_SYS_TYPES_H 1
| #define HAVE_SYS_STAT_H 1
| #define HAVE_STDLIB_H 1
| #define HAVE_STRING_H 1
| #define HAVE_MEMORY_H 1
| #define HAVE_STRINGS_H 1
| #define HAVE_INTTYPES_H 1
| #define HAVE_STDINT_H 1
| #define HAVE_UNISTD_H 1
| #define HAVE_FCNTL_H 1
| #define HAVE_INTTYPES_H 1
| #define HAVE_LIMITS_H 1
| #define HAVE_MALLOC_H 1
| #define HAVE_STDDEF_H 1
| #define HAVE_STDINT_H 1
| #define HAVE_STDLIB_H 1
| #define HAVE_STRING_H 1
| #define HAVE_STRINGS_H 1
| #define HAVE_SYS_PARAM_H 1
| #define HAVE_SYS_TIME_H 1
| #define HAVE_UNISTD_H 1
| /* end confdefs.h.  */
| #include <stdio.h>
| #ifdef HAVE_SYS_TYPES_H
| # include <sys/types.h>
| #endif
| #ifdef HAVE_SYS_STAT_H
| # include <sys/stat.h>
| #endif
| #ifdef STDC_HEADERS
| # include <stdlib.h>
| # include <stddef.h>
| #else
| # ifdef HAVE_STDLIB_H
| #  include <stdlib.h>
| # endif
| #endif
| #ifdef HAVE_STRING_H
| # if !defined STDC_HEADERS && defined HAVE_MEMORY_H
| #  include <memory.h>
| # endif
| # include <string.h>
| #endif
| #ifdef HAVE_STRINGS_H
| # include <strings.h>
| #endif
| #ifdef HAVE_INTTYPES_H
| # include <inttypes.h>
| #endif
| #ifdef HAVE_STDINT_H
| # include <stdint.h>
| #endif
| #ifdef HAVE_UNISTD_H
| # include <unistd.h>
| #endif
| int
| main ()
| {
| if (sizeof ((_Bool)))
| 	  return 0;
|   ;
|   return 0;
| }
configure:4896: result: yes
configure:4915: checking for an ANSI C-conforming const
configure:4990: gcc -c -g -O2  conftest.c >&5
configure:4997: $? = 0
configure:5012: result: yes
configure:5022: checking for inline
configure:5048: gcc -c -g -O2  conftest.c >&5
configure:5055: $? = 0
configure:5073: result: inline
configure:5092: checking for size_t
configure:5120: gcc -c -g -O2  conftest.c >&5
configure:5127: $? = 0
configure:5154: gcc -c -g -O2  conftest.c >&5
conftest.c: In function 'main':
conftest.c:70: error: expected expression before ')' token
configure:5161: $? = 1
configure: failed program was:
| /* confdefs.h.  */
| #define PACKAGE_NAME "Judy"
| #define PACKAGE_TARNAME "judy"
| #define PACKAGE_VERSION "1.0.5"
| #define PACKAGE_STRING "Judy 1.0.5"
| #define PACKAGE_BUGREPORT "dougbaskins@yahoo.com"
| #define PACKAGE "Judy"
| #define VERSION "1.0.5"
| #define STDC_HEADERS 1
| #define HAVE_SYS_TYPES_H 1
| #define HAVE_SYS_STAT_H 1
| #define HAVE_STDLIB_H 1
| #define HAVE_STRING_H 1
| #define HAVE_MEMORY_H 1
| #define HAVE_STRINGS_H 1
| #define HAVE_INTTYPES_H 1
| #define HAVE_STDINT_H 1
| #define HAVE_UNISTD_H 1
| #define HAVE_FCNTL_H 1
| #define HAVE_INTTYPES_H 1
| #define HAVE_LIMITS_H 1
| #define HAVE_MALLOC_H 1
| #define HAVE_STDDEF_H 1
| #define HAVE_STDINT_H 1
| #define HAVE_STDLIB_H 1
| #define HAVE_STRING_H 1
| #define HAVE_STRINGS_H 1
| #define HAVE_SYS_PARAM_H 1
| #define HAVE_SYS_TIME_H 1
| #define HAVE_UNISTD_H 1
| #define HAVE__BOOL 1
| #define HAVE_STDBOOL_H 1
| /* end confdefs.h.  */
| #include <stdio.h>
| #ifdef HAVE_SYS_TYPES_H
| # include <sys/types.h>
| #endif
| #ifdef HAVE_SYS_STAT_H
| # include <sys/stat.h>
| #endif
| #ifdef STDC_HEADERS
| # include <stdlib.h>
| # include <stddef.h>
| #else
| # ifdef HAVE_STDLIB_H
| #  include <stdlib.h>
| # endif
| #endif
| #ifdef HAVE_STRING_H
| # if !defined STDC_HEADERS && defined HAVE_MEMORY_H
| #  include <memory.h>
| # endif
| # include <string.h>
| #endif
| #ifdef HAVE_STRINGS_H
| # include <strings.h>
| #endif
| #ifdef HAVE_INTTYPES_H
| # include <inttypes.h>
| #endif
| #ifdef HAVE_STDINT_H
| # include <stdint.h>
| #endif
| #ifdef HAVE_UNISTD_H
| # include <unistd.h>
| #endif
| int
| main ()
| {
| if (sizeof ((size_t)))
| 	  return 0;
|   ;
|   return 0;
| }
configure:5184: result: yes
configure:5196: checking whether time.h and sys/time.h may both be included
configure:5226: gcc -c -g -O2  conftest.c >&5
configure:5233: $? = 0
configure:5248: result: yes
configure:5258: checking whether struct tm is in sys/time.h or time.h
configure:5288: gcc -c -g -O2  conftest.c >&5
configure:5295: $? = 0
configure:5310: result: time.h
configure:5320: checking for working volatile
configure:5349: gcc -c -g -O2  conftest.c >&5
configure:5356: $? = 0
configure:5371: result: yes
configure:5381: checking for ptrdiff_t
configure:5409: gcc -c -g -O2  conftest.c >&5
configure:5416: $? = 0
configure:5443: gcc -c -g -O2  conftest.c >&5
conftest.c: In function 'main':
conftest.c:71: error: expected expression before ')' token
configure:5450: $? = 1
configure: failed program was:
| /* confdefs.h.  */
| #define PACKAGE_NAME "Judy"
| #define PACKAGE_TARNAME "judy"
| #define PACKAGE_VERSION "1.0.5"
| #define PACKAGE_STRING "Judy 1.0.5"
| #define PACKAGE_BUGREPORT "dougbaskins@yahoo.com"
| #define PACKAGE "Judy"
| #define VERSION "1.0.5"
| #define STDC_HEADERS 1
| #define HAVE_SYS_TYPES_H 1
| #define HAVE_SYS_STAT_H 1
| #define HAVE_STDLIB_H 1
| #define HAVE_STRING_H 1
| #define HAVE_MEMORY_H 1
| #define HAVE_STRINGS_H 1
| #define HAVE_INTTYPES_H 1
| #define HAVE_STDINT_H 1
| #define HAVE_UNISTD_H 1
| #define HAVE_FCNTL_H 1
| #define HAVE_INTTYPES_H 1
| #define HAVE_LIMITS_H 1
| #define HAVE_MALLOC_H 1
| #define HAVE_STDDEF_H 1
| #define HAVE_STDINT_H 1
| #define HAVE_STDLIB_H 1
| #define HAVE_STRING_H 1
| #define HAVE_STRINGS_H 1
| #define HAVE_SYS_PARAM_H 1
| #define HAVE_SYS_TIME_H 1
| #define HAVE_UNISTD_H 1
| #define HAVE__BOOL 1
| #define HAVE_STDBOOL_H 1
| #define TIME_WITH_SYS_TIME 1
| /* end confdefs.h.  */
| #include <stdio.h>
| #ifdef HAVE_SYS_TYPES_H
| # include <sys/types.h>
| #endif
| #ifdef HAVE_SYS_STAT_H
| # include <sys/stat.h>
| #endif
| #ifdef STDC_HEADERS
| # include <stdlib.h>
| # include <stddef.h>
| #else
| # ifdef HAVE_STDLIB_H
| #  include <stdlib.h>
| # endif
| #endif
| #ifdef HAVE_STRING_H
| # if !defined STDC_HEADERS && defined HAVE_MEMORY_H
| #  include <memory.h>
| # endif
| # include <string.h>
| #endif
| #ifdef HAVE_STRINGS_H
| # include <strings.h>
| #endif
| #ifdef HAVE_INTTYPES_H
| # include <inttypes.h>
| #endif
| #ifdef HAVE_STDINT_H
| # include <stdint.h>
| #endif
| #ifdef HAVE_UNISTD_H
| # include <unistd.h>
| #endif
| int
| main ()
| {
| if (sizeof ((ptrdiff_t)))
| 	  return 0;
|   ;
|   return 0;
| }
configure:5473: result: yes
configure:5486: checking whether byte ordering is bigendian
configure:5511: gcc -c -g -O2  conftest.c >&5
conftest.c:37: error: expected '=', ',', ';', 'asm' or '__attribute__' before 'a'
configure:5518: $? = 1
configure: failed program was:
| /* confdefs.h.  */
| #define PACKAGE_NAME "Judy"
| #define PACKAGE_TARNAME "judy"
| #define PACKAGE_VERSION "1.0.5"
| #define PACKAGE_STRING "Judy 1.0.5"
| #define PACKAGE_BUGREPORT "dougbaskins@yahoo.com"
| #define PACKAGE "Judy"
| #define VERSION "1.0.5"
| #define STDC_HEADERS 1
| #define HAVE_SYS_TYPES_H 1
| #define HAVE_SYS_STAT_H 1
| #define HAVE_STDLIB_H 1
| #define HAVE_STRING_H 1
| #define HAVE_MEMORY_H 1
| #define HAVE_STRINGS_H 1
| #define HAVE_INTTYPES_H 1
| #define HAVE_STDINT_H 1
| #define HAVE_UNISTD_H 1
| #define HAVE_FCNTL_H 1
| #define HAVE_INTTYPES_H 1
| #define HAVE_LIMITS_H 1
| #define HAVE_MALLOC_H 1
| #define HAVE_STDDEF_H 1
| #define HAVE_STDINT_H 1
| #define HAVE_STDLIB_H 1
| #define HAVE_STRING_H 1
| #define HAVE_STRINGS_H 1
| #define HAVE_SYS_PARAM_H 1
| #define HAVE_SYS_TIME_H 1
| #define HAVE_UNISTD_H 1
| #define HAVE__BOOL 1
| #define HAVE_STDBOOL_H 1
| #define TIME_WITH_SYS_TIME 1
| #define HAVE_PTRDIFF_T 1
| /* end confdefs.h.  */
| #ifndef __APPLE_CC__
| 	       not a universal capable compiler
| 	     #endif
| 	     typedef int dummy;
| 
configure:5568: gcc -c -g -O2  conftest.c >&5
configure:5575: $? = 0
configure:5607: gcc -c -g -O2  conftest.c >&5
conftest.c: In function 'main':
conftest.c:43: error: 'not' undeclared (first use in this function)
conftest.c:43: error: (Each undeclared identifier is reported only once
conftest.c:43: error: for each function it appears in.)
conftest.c:43: error: expected ';' before 'big'
configure:5614: $? = 1
configure: failed program was:
| /* confdefs.h.  */
| #define PACKAGE_NAME "Judy"
| #define PACKAGE_TARNAME "judy"
| #define PACKAGE_VERSION "1.0.5"
| #define PACKAGE_STRING "Judy 1.0.5"
| #define PACKAGE_BUGREPORT "dougbaskins@yahoo.com"
| #define PACKAGE "Judy"
| #define VERSION "1.0.5"
| #define STDC_HEADERS 1
| #define HAVE_SYS_TYPES_H 1
| #define HAVE_SYS_STAT_H 1
| #define HAVE_STDLIB_H 1
| #define HAVE_STRING_H 1
| #define HAVE_MEMORY_H 1
| #define HAVE_STRINGS_H 1
| #define HAVE_INTTYPES_H 1
| #define HAVE_STDINT_H 1
| #define HAVE_UNISTD_H 1
| #define HAVE_FCNTL_H 1
| #define HAVE_INTTYPES_H 1
| #define HAVE_LIMITS_H 1
| #define HAVE_MALLOC_H 1
| #define HAVE_STDDEF_H 1
| #define HAVE_STDINT_H 1
| #define HAVE_STDLIB_H 1
| #define HAVE_STRING_H 1
| #define HAVE_STRINGS_H 1
| #define HAVE_SYS_PARAM_H 1
| #define HAVE_SYS_TIME_H 1
| #define HAVE_UNISTD_H 1
| #define HAVE__BOOL 1
| #define HAVE_STDBOOL_H 1
| #define TIME_WITH_SYS_TIME 1
| #define HAVE_PTRDIFF_T 1
| /* end confdefs.h.  */
| #include <sys/types.h>
| 		#include <sys/param.h>
| 
| int
| main ()
| {
| #if BYTE_ORDER != BIG_ENDIAN
| 		 not big endian
| 		#endif
| 
|   ;
|   return 0;
| }
configure:5866: result: no
configure:5900: checking size of void *
configure:6205: gcc -o conftest -g -O2   conftest.c  >&5
configure:6209: $? = 0
configure:6215: ./conftest
configure:6219: $? = 0
configure:6245: result: 8
configure:6256: result: Detected 64-bit Build Environment
configure:6313: checking for error_at_line
configure:6339: gcc -o conftest -DJU_64BIT -g -O2   conftest.c  >&5
configure:6346: $? = 0
configure:6366: result: yes
configure:6382: checking for stdlib.h
configure:6389: result: yes
configure:6528: checking for GNU libc compatible malloc
configure:6562: gcc -o conftest -DJU_64BIT -g -O2   conftest.c  >&5
configure:6566: $? = 0
configure:6572: ./conftest
configure:6576: $? = 0
configure:6593: result: yes
configure:6621: checking for working memcmp
configure:6674: gcc -o conftest -DJU_64BIT -g -O2   conftest.c  >&5
configure:6678: $? = 0
configure:6684: ./conftest
configure:6688: $? = 0
configure:6705: result: yes
configure:6720: checking for stdlib.h
configure:6727: result: yes
configure:6720: checking for unistd.h
configure:6727: result: yes
configure:6870: checking for getpagesize
configure:6926: gcc -o conftest -DJU_64BIT -g -O2   conftest.c  >&5
configure:6933: $? = 0
configure:6955: result: yes
configure:6967: checking for working mmap
configure:7114: gcc -o conftest -DJU_64BIT -g -O2   conftest.c  >&5
configure:7118: $? = 0
configure:7124: ./conftest
configure:7128: $? = 0
configure:7145: result: yes
configure:7156: checking whether lstat dereferences a symlink specified with a trailing slash
configure:7192: gcc -o conftest -DJU_64BIT -g -O2   conftest.c  >&5
configure:7196: $? = 0
configure:7202: ./conftest
configure:7206: $? = 0
configure:7230: result: yes
configure:7249: checking whether stat accepts an empty string
configure:7279: gcc -o conftest -DJU_64BIT -g -O2   conftest.c  >&5
configure:7283: $? = 0
configure:7289: ./conftest
configure:7293: $? = 0
configure:7310: result: no
configure:7330: checking for vprintf
configure:7386: gcc -o conftest -DJU_64BIT -g -O2   conftest.c  >&5
conftest.c:68: warning: conflicting types for built-in function 'vprintf'
configure:7393: $? = 0
configure:7415: result: yes
configure:7424: checking for _doprnt
configure:7480: gcc -o conftest -DJU_64BIT -g -O2   conftest.c  >&5
/tmp/ccaYJBbz.o: In function `main':
/ntss7/ayubd-ng/lib/judy/conftest.c:80: undefined reference to `_doprnt'
collect2: ld returned 1 exit status
configure:7487: $? = 1
configure: failed program was:
| /* confdefs.h.  */
| #define PACKAGE_NAME "Judy"
| #define PACKAGE_TARNAME "judy"
| #define PACKAGE_VERSION "1.0.5"
| #define PACKAGE_STRING "Judy 1.0.5"
| #define PACKAGE_BUGREPORT "dougbaskins@yahoo.com"
| #define PACKAGE "Judy"
| #define VERSION "1.0.5"
| #define STDC_HEADERS 1
| #define HAVE_SYS_TYPES_H 1
| #define HAVE_SYS_STAT_H 1
| #define HAVE_STDLIB_H 1
| #define HAVE_STRING_H 1
| #define HAVE_MEMORY_H 1
| #define HAVE_STRINGS_H 1
| #define HAVE_INTTYPES_H 1
| #define HAVE_STDINT_H 1
| #define HAVE_UNISTD_H 1
| #define HAVE_FCNTL_H 1
| #define HAVE_INTTYPES_H 1
| #define HAVE_LIMITS_H 1
| #define HAVE_MALLOC_H 1
| #define HAVE_STDDEF_H 1
| #define HAVE_STDINT_H 1
| #define HAVE_STDLIB_H 1
| #define HAVE_STRING_H 1
| #define HAVE_STRINGS_H 1
| #define HAVE_SYS_PARAM_H 1
| #define HAVE_SYS_TIME_H 1
| #define HAVE_UNISTD_H 1
| #define HAVE__BOOL 1
| #define HAVE_STDBOOL_H 1
| #define TIME_WITH_SYS_TIME 1
| #define HAVE_PTRDIFF_T 1
| #define JU_LITTLE_ENDIAN 1
| #define SIZEOF_VOID_P 8
| #define HAVE_STDLIB_H 1
| #define HAVE_MALLOC 1
| #define HAVE_STDLIB_H 1
| #define HAVE_UNISTD_H 1
| #define HAVE_GETPAGESIZE 1
| #define HAVE_MMAP 1
| #define LSTAT_FOLLOWS_SLASHED_SYMLINK 1
| #define HAVE_VPRINTF 1
| /* end confdefs.h.  */
| /* Define _doprnt to an innocuous variant, in case <limits.h> declares _doprnt.
|    For example, HP-UX 11i <limits.h> declares gettimeofday.  */
| #define _doprnt innocuous__doprnt
| 
| /* System header to define __stub macros and hopefully few prototypes,
|     which can conflict with char _doprnt (); below.
|     Prefer <limits.h> to <assert.h> if __STDC__ is defined, since
|     <limits.h> exists even on freestanding compilers.  */
| 
| #ifdef __STDC__
| # include <limits.h>
| #else
| # include <assert.h>
| #endif
| 
| #undef _doprnt
| 
| /* Override any GCC internal prototype to avoid an error.
|    Use char because int might match the return type of a GCC
|    builtin and then its argument prototype would still apply.  */
| #ifdef __cplusplus
| extern "C"
| #endif
| char _doprnt ();
| /* The GNU C library defines this for functions which it implements
|     to always fail with ENOSYS.  Some functions are actually named
|     something starting with __ and the normal name is an alias.  */
| #if defined __stub__doprnt || defined __stub____doprnt
| choke me
| #endif
| 
| int
| main ()
| {
| return _doprnt ();
|   ;
|   return 0;
| }
configure:7507: result: no
configure:7535: checking for getpagesize
configure:7620: result: yes
configure:7535: checking for gettimeofday
configure:7591: gcc -o conftest -DJU_64BIT -g -O2   conftest.c  >&5
configure:7598: $? = 0
configure:7620: result: yes
configure:7535: checking for memset
configure:7591: gcc -o conftest -DJU_64BIT -g -O2   conftest.c  >&5
conftest.c:71: warning: conflicting types for built-in function 'memset'
configure:7598: $? = 0
configure:7620: result: yes
configure:7535: checking for munmap
configure:7591: gcc -o conftest -DJU_64BIT -g -O2   conftest.c  >&5
configure:7598: $? = 0
configure:7620: result: yes
configure:7535: checking for pow
configure:7591: gcc -o conftest -DJU_64BIT -g -O2   conftest.c  >&5
conftest.c:73: warning: conflicting types for built-in function 'pow'
/tmp/ccTHvM9I.o: In function `main':
/ntss7/ayubd-ng/lib/judy/conftest.c:84: undefined reference to `pow'
collect2: ld returned 1 exit status
configure:7598: $? = 1
configure: failed program was:
| /* confdefs.h.  */
| #define PACKAGE_NAME "Judy"
| #define PACKAGE_TARNAME "judy"
| #define PACKAGE_VERSION "1.0.5"
| #define PACKAGE_STRING "Judy 1.0.5"
| #define PACKAGE_BUGREPORT "dougbaskins@yahoo.com"
| #define PACKAGE "Judy"
| #define VERSION "1.0.5"
| #define STDC_HEADERS 1
| #define HAVE_SYS_TYPES_H 1
| #define HAVE_SYS_STAT_H 1
| #define HAVE_STDLIB_H 1
| #define HAVE_STRING_H 1
| #define HAVE_MEMORY_H 1
| #define HAVE_STRINGS_H 1
| #define HAVE_INTTYPES_H 1
| #define HAVE_STDINT_H 1
| #define HAVE_UNISTD_H 1
| #define HAVE_FCNTL_H 1
| #define HAVE_INTTYPES_H 1
| #define HAVE_LIMITS_H 1
| #define HAVE_MALLOC_H 1
| #define HAVE_STDDEF_H 1
| #define HAVE_STDINT_H 1
| #define HAVE_STDLIB_H 1
| #define HAVE_STRING_H 1
| #define HAVE_STRINGS_H 1
| #define HAVE_SYS_PARAM_H 1
| #define HAVE_SYS_TIME_H 1
| #define HAVE_UNISTD_H 1
| #define HAVE__BOOL 1
| #define HAVE_STDBOOL_H 1
| #define TIME_WITH_SYS_TIME 1
| #define HAVE_PTRDIFF_T 1
| #define JU_LITTLE_ENDIAN 1
| #define SIZEOF_VOID_P 8
| #define HAVE_STDLIB_H 1
| #define HAVE_MALLOC 1
| #define HAVE_STDLIB_H 1
| #define HAVE_UNISTD_H 1
| #define HAVE_GETPAGESIZE 1
| #define HAVE_MMAP 1
| #define LSTAT_FOLLOWS_SLASHED_SYMLINK 1
| #define HAVE_VPRINTF 1
| #define HAVE_GETPAGESIZE 1
| #define HAVE_GETTIMEOFDAY 1
| #define HAVE_MEMSET 1
| #define HAVE_MUNMAP 1
| /* end confdefs.h.  */
| /* Define pow to an innocuous variant, in case <limits.h> declares pow.
|    For example, HP-UX 11i <limits.h> declares gettimeofday.  */
| #define pow innocuous_pow
| 
| /* System header to define __stub macros and hopefully few prototypes,
|     which can conflict with char pow (); below.
|     Prefer <limits.h> to <assert.h> if __STDC__ is defined, since
|     <limits.h> exists even on freestanding compilers.  */
| 
| #ifdef __STDC__
| # include <limits.h>
| #else
| # include <assert.h>
| #endif
| 
| #undef pow
| 
| /* Override any GCC internal prototype to avoid an error.
|    Use char because int might match the return type of a GCC
|    builtin and then its argument prototype would still apply.  */
| #ifdef __cplusplus
| extern "C"
| #endif
| char pow ();
| /* The GNU C library defines this for functions which it implements
|     to always fail with ENOSYS.  Some functions are actually named
|     something starting with __ and the normal name is an alias.  */
| #if defined __stub_pow || defined __stub___pow
| choke me
| #endif
| 
| int
| main ()
| {
| return pow ();
|   ;
|   return 0;
| }
configure:7620: result: no
configure:7535: checking for strchr
configure:7591: gcc -o conftest -DJU_64BIT -g -O2   conftest.c  >&5
conftest.c:73: warning: conflicting types for built-in function 'strchr'
configure:7598: $? = 0
configure:7620: result: yes
configure:7535: checking for strcspn
configure:7591: gcc -o conftest -DJU_64BIT -g -O2   conftest.c  >&5
conftest.c:74: warning: conflicting types for built-in function 'strcspn'
configure:7598: $? = 0
configure:7620: result: yes
configure:7535: checking for strerror
configure:7591: gcc -o conftest -DJU_64BIT -g -O2   conftest.c  >&5
configure:7598: $? = 0
configure:7620: result: yes
configure:7535: checking for strstr
configure:7591: gcc -o conftest -DJU_64BIT -g -O2   conftest.c  >&5
conftest.c:76: warning: conflicting types for built-in function 'strstr'
configure:7598: $? = 0
configure:7620: result: yes
configure:7535: checking for strtoul
configure:7591: gcc -o conftest -DJU_64BIT -g -O2   conftest.c  >&5
configure:7598: $? = 0
configure:7620: result: yes
configure:7535: checking for uname
configure:7591: gcc -o conftest -DJU_64BIT -g -O2   conftest.c  >&5
configure:7598: $? = 0
configure:7620: result: yes
configure:7676: checking for ar
configure:7692: found /usr/bin/ar
configure:7703: result: ar
configure:7768: checking for ld
configure:7784: found /usr/bin/ld
configure:7795: result: ld
configure:7860: checking for ranlib
configure:7876: found /usr/bin/ranlib
configure:7887: result: ranlib
configure:7941: checking build system type
configure:7959: result: x86_64-unknown-linux-gnu
configure:7981: checking host system type
configure:7996: result: x86_64-unknown-linux-gnu
configure:8018: checking for a sed that does not truncate output
configure:8084: result: /bin/sed
configure:8102: checking for fgrep
configure:8166: result: /bin/grep -F
configure:8201: checking for ld used by gcc
configure:8268: result: ld
configure:8277: checking if the linker (ld) is GNU ld
configure:8292: result: yes
configure:8304: checking for BSD- or MS-compatible name lister (nm)
configure:8353: result: /usr/bin/nm -B
configure:8471: checking the name lister (/usr/bin/nm -B) interface
configure:8478: gcc -c -DJU_64BIT -g -O2  conftest.c >&5
configure:8481: /usr/bin/nm -B "conftest.o"
configure:8484: output
0000000000000000 B some_variable
configure:8491: result: BSD nm
configure:8495: checking the maximum length of command line arguments
configure:8615: result: 1966080
configure:8632: checking whether the shell understands some XSI constructs
configure:8642: result: yes
configure:8646: checking whether the shell understands "+="
configure:8652: result: yes
configure:8687: checking for ld option to reload object files
configure:8694: result: -r
configure:8763: checking for objdump
configure:8779: found /usr/bin/objdump
configure:8790: result: objdump
configure:8822: checking how to recognize dependent libraries
configure:9018: result: pass_all
configure:9078: checking for ar
configure:9105: result: ar
configure:9183: checking for strip
configure:9199: found /usr/bin/strip
configure:9210: result: strip
configure:9282: checking for ranlib
configure:9309: result: ranlib
configure:9399: checking command to parse /usr/bin/nm -B output from gcc object
configure:9517: gcc -c -DJU_64BIT -g -O2  conftest.c >&5
configure:9520: $? = 0
configure:9524: /usr/bin/nm -B conftest.o \| sed -n -e 's/^.*[	 ]\([ABCDGIRSTW][ABCDGIRSTW]*\)[	 ][	 ]*\([_A-Za-z][_A-Za-z0-9]*\)$/\1 \2 \2/p' \> conftest.nm
configure:9527: $? = 0
configure:9581: gcc -o conftest -DJU_64BIT -g -O2   conftest.c conftstm.o >&5
configure:9584: $? = 0
configure:9622: result: ok
configure:9717: gcc -c -DJU_64BIT -g -O2  conftest.c >&5
configure:9720: $? = 0
configure:10487: checking for dlfcn.h
configure:10508: gcc -c -DJU_64BIT -g -O2  conftest.c >&5
configure:10515: $? = 0
configure:10532: result: yes
configure:10718: checking for objdir
configure:10733: result: .libs
configure:11025: checking if gcc supports -fno-rtti -fno-exceptions
configure:11043: gcc -c -DJU_64BIT -g -O2  -fno-rtti -fno-exceptions conftest.c >&5
cc1: warning: command line option "-fno-rtti" is valid for C++/ObjC++ but not for C
configure:11047: $? = 0
configure:11060: result: no
configure:11080: checking for gcc option to produce PIC
configure:11352: result: -fPIC -DPIC
configure:11364: checking if gcc PIC flag -fPIC -DPIC works
configure:11382: gcc -c -DJU_64BIT -g -O2  -fPIC -DPIC -DPIC conftest.c >&5
configure:11386: $? = 0
configure:11399: result: yes
configure:11423: checking if gcc static flag -static works
configure:11451: result: no
configure:11466: checking if gcc supports -c -o file.o
configure:11487: gcc -c -DJU_64BIT -g -O2  -o out/conftest2.o conftest.c >&5
configure:11491: $? = 0
configure:11513: result: yes
configure:11521: checking if gcc supports -c -o file.o
configure:11568: result: yes
configure:11601: checking whether the gcc linker (ld -m elf_x86_64) supports shared libraries
configure:12675: result: yes
configure:12712: checking whether -lc should be explicitly linked in
configure:12717: gcc -c -DJU_64BIT -g -O2  conftest.c >&5
configure:12720: $? = 0
configure:12735: gcc -shared conftest.o  -v -Wl,-soname -Wl,conftest -o conftest 2\>\&1 \| /bin/grep  -lc  \>/dev/null 2\>\&1
configure:12738: $? = 0
configure:12750: result: no
configure:12914: checking dynamic linker characteristics
configure:13357: gcc -o conftest -DJU_64BIT -g -O2   -Wl,-rpath -Wl,/foo conftest.c  >&5
configure:13364: $? = 0
configure:13600: result: GNU/Linux ld.so
configure:13702: checking how to hardcode library paths into programs
configure:13727: result: immediate
configure:14560: checking whether stripping libraries is possible
configure:14565: result: yes
configure:14600: checking if libtool supports shared libraries
configure:14602: result: yes
configure:14605: checking whether to build shared libraries
configure:14626: result: yes
configure:14629: checking whether to build static libraries
configure:14633: result: yes
configure:14820: creating ./config.status

## ---------------------- ##
## Running config.status. ##
## ---------------------- ##

This file was extended by Judy config.status 1.0.5, which was
generated by GNU Autoconf 2.63.  Invocation command line was

  CONFIG_FILES    = 
  CONFIG_HEADERS  = 
  CONFIG_LINKS    = 
  CONFIG_COMMANDS = 
  $ ./config.status 

on stmaster

config.status:1035: creating Makefile
config.status:1035: creating src/Judy1/Makefile
config.status:1035: creating src/JudyCommon/Makefile
config.status:1035: creating src/JudyHS/Makefile
config.status:1035: creating src/JudyL/Makefile
config.status:1035: creating src/JudySL/Makefile
config.status:1035: creating src/Makefile
config.status:1035: creating src/obj/Makefile
config.status:1035: creating tool/Makefile
config.status:1035: creating doc/Makefile
config.status:1035: creating test/Makefile
config.status:1035: creating config.h
config.status:1257: config.h is unchanged
config.status:1309: executing depfiles commands
config.status:1309: executing libtool commands

## ---------------- ##
## Cache variables. ##
## ---------------- ##

ac_cv_build=x86_64-unknown-linux-gnu
ac_cv_c_bigendian=no
ac_cv_c_compiler_gnu=yes
ac_cv_c_const=yes
ac_cv_c_inline=inline
ac_cv_c_volatile=yes
ac_cv_env_CC_set=
ac_cv_env_CC_value=
ac_cv_env_CFLAGS_set=
ac_cv_env_CFLAGS_value=
ac_cv_env_CPPFLAGS_set=
ac_cv_env_CPPFLAGS_value=
ac_cv_env_CPP_set=
ac_cv_env_CPP_value=
ac_cv_env_LDFLAGS_set=
ac_cv_env_LDFLAGS_value=
ac_cv_env_LIBS_set=
ac_cv_env_LIBS_value=
ac_cv_env_build_alias_set=
ac_cv_env_build_alias_value=
ac_cv_env_host_alias_set=
ac_cv_env_host_alias_value=
ac_cv_env_target_alias_set=
ac_cv_env_target_alias_value=
ac_cv_func__doprnt=no
ac_cv_func_getpagesize=yes
ac_cv_func_gettimeofday=yes
ac_cv_func_lstat_dereferences_slashed_symlink=yes
ac_cv_func_malloc_0_nonnull=yes
ac_cv_func_memcmp_working=yes
ac_cv_func_memset=yes
ac_cv_func_mmap_fixed_mapped=yes
ac_cv_func_munmap=yes
ac_cv_func_pow=no
ac_cv_func_stat_empty_string_bug=no
ac_cv_func_strchr=yes
ac_cv_func_strcspn=yes
ac_cv_func_strerror=yes
ac_cv_func_strstr=yes
ac_cv_func_strtoul=yes
ac_cv_func_uname=yes
ac_cv_func_vprintf=yes
ac_cv_header_dlfcn_h=yes
ac_cv_header_fcntl_h=yes
ac_cv_header_inttypes_h=yes
ac_cv_header_limits_h=yes
ac_cv_header_malloc_h=yes
ac_cv_header_memory_h=yes
ac_cv_header_stdbool_h=yes
ac_cv_header_stdc=yes
ac_cv_header_stddef_h=yes
ac_cv_header_stdint_h=yes
ac_cv_header_stdlib_h=yes
ac_cv_header_string_h=yes
ac_cv_header_strings_h=yes
ac_cv_header_sys_param_h=yes
ac_cv_header_sys_stat_h=yes
ac_cv_header_sys_time_h=yes
ac_cv_header_sys_types_h=yes
ac_cv_header_time=yes
ac_cv_header_unistd_h=yes
ac_cv_host=x86_64-unknown-linux-gnu
ac_cv_lib_error_at_line=yes
ac_cv_objext=o
ac_cv_path_EGREP='/bin/grep -E'
ac_cv_path_FGREP='/bin/grep -F'
ac_cv_path_GREP=/bin/grep
ac_cv_path_SED=/bin/sed
ac_cv_path_install='/usr/bin/install -c'
ac_cv_path_mkdir=/bin/mkdir
ac_cv_prog_AWK=gawk
ac_cv_prog_CPP='gcc -E'
ac_cv_prog_ac_ct_AR=ar
ac_cv_prog_ac_ct_CC=gcc
ac_cv_prog_ac_ct_LD=ld
ac_cv_prog_ac_ct_OBJDUMP=objdump
ac_cv_prog_ac_ct_RANLIB=ranlib
ac_cv_prog_ac_ct_STRIP=strip
ac_cv_prog_cc_c89=
ac_cv_prog_cc_g=yes
ac_cv_prog_make_make_set=yes
ac_cv_sizeof_void_p=8
ac_cv_struct_tm=time.h
ac_cv_type__Bool=yes
ac_cv_type_ptrdiff_t=yes
ac_cv_type_size_t=yes
am_cv_CC_dependencies_compiler_type=gcc3
lt_cv_deplibs_check_method=pass_all
lt_cv_file_magic_cmd='$MAGIC_CMD'
lt_cv_file_magic_test_file=
lt_cv_ld_reload_flag=-r
lt_cv_nm_interface='BSD nm'
lt_cv_objdir=.libs
lt_cv_path_LD=ld
lt_cv_path_NM='/usr/bin/nm -B'
lt_cv_prog_compiler_c_o=yes
lt_cv_prog_compiler_pic_works=yes
lt_cv_prog_compiler_rtti_exceptions=no
lt_cv_prog_compiler_static_works=no
lt_cv_prog_gnu_ld=yes
lt_cv_sys_global_symbol_pipe='sed -n -e '\''s/^.*[	 ]\([ABCDGIRSTW][ABCDGIRSTW]*\)[	 ][	 ]*\([_A-Za-z][_A-Za-z0-9]*\)$/\1 \2 \2/p'\'''
lt_cv_sys_global_symbol_to_c_name_address='sed -n -e '\''s/^: \([^ ]*\) $/  {\"\1\", (void *) 0},/p'\'' -e '\''s/^[ABCDGIRSTW]* \([^ ]*\) \([^ ]*\)$/  {"\2", (void *) \&\2},/p'\'''
lt_cv_sys_global_symbol_to_c_name_address_lib_prefix='sed -n -e '\''s/^: \([^ ]*\) $/  {\"\1\", (void *) 0},/p'\'' -e '\''s/^[ABCDGIRSTW]* \([^ ]*\) \(lib[^ ]*\)$/  {"\2", (void *) \&\2},/p'\'' -e '\''s/^[ABCDGIRSTW]* \([^ ]*\) \([^ ]*\)$/  {"lib\2", (void *) \&\2},/p'\'''
lt_cv_sys_global_symbol_to_cdecl='sed -n -e '\''s/^T .* \(.*\)$/extern int \1();/p'\'' -e '\''s/^[ABCDGIRSTW]* .* \(.*\)$/extern char \1;/p'\'''
lt_cv_sys_max_cmd_len=1966080

## ----------------- ##
## Output variables. ##
## ----------------- ##

ACLOCAL='${SHELL} /ntss7/ayubd-ng/lib/judy/missing --run aclocal-1.11'
AMDEPBACKSLASH='\'
AMDEP_FALSE='#'
AMDEP_TRUE=''
AMTAR='${SHELL} /ntss7/ayubd-ng/lib/judy/missing --run tar'
AR='ar'
AUTOCONF='${SHELL} /ntss7/ayubd-ng/lib/judy/missing --run autoconf'
AUTOHEADER='${SHELL} /ntss7/ayubd-ng/lib/judy/missing --run autoheader'
AUTOMAKE='${SHELL} /ntss7/ayubd-ng/lib/judy/missing --run automake-1.11'
AWK='gawk'
CC='gcc'
CCDEPMODE='depmode=gcc3'
CFLAGS='-DJU_64BIT -g -O2'
CPP='gcc -E'
CPPFLAGS=''
CYGPATH_W='echo'
DEFS='-DHAVE_CONFIG_H'
DEPDIR='.deps'
DSYMUTIL=''
DUMPBIN=''
ECHO_C=''
ECHO_N='-n'
ECHO_T=''
EGREP='/bin/grep -E'
EXEEXT=''
FGREP='/bin/grep -F'
FLAVOR='product'
GREP='/bin/grep'
INSTALL_DATA='${INSTALL} -m 644'
INSTALL_PROGRAM='${INSTALL}'
INSTALL_SCRIPT='${INSTALL}'
INSTALL_STRIP_PROGRAM='$(install_sh) -c -s'
LD='ld -m elf_x86_64'
LDFLAGS=''
LIBOBJS=''
LIBS=''
LIBTOOL='$(SHELL) $(top_builddir)/libtool'
LIPO=''
LN_S='ln -s'
LTLIBOBJS=''
MAINT='#'
MAINTAINER_MODE_FALSE=''
MAINTAINER_MODE_TRUE='#'
MAKEINFO='${SHELL} /ntss7/ayubd-ng/lib/judy/missing --run makeinfo'
MKDIR_P='/bin/mkdir -p'
NM='/usr/bin/nm -B'
NMEDIT=''
OBJDUMP='objdump'
OBJEXT='o'
OTOOL64=''
OTOOL=''
PACKAGE='Judy'
PACKAGE_BUGREPORT='dougbaskins@yahoo.com'
PACKAGE_NAME='Judy'
PACKAGE_STRING='Judy 1.0.5'
PACKAGE_TARNAME='judy'
PACKAGE_VERSION='1.0.5'
PATH_SEPARATOR=':'
RANLIB='ranlib'
SED='/bin/sed'
SET_MAKE=''
SHELL='/bin/sh'
STRIP='strip'
VERSION='1.0.5'
VERSION_INFO='-version-info 1:3:0'
WARN_CFLAGS=''
ac_ct_CC='gcc'
ac_ct_DUMPBIN=''
am__EXEEXT_FALSE=''
am__EXEEXT_TRUE='#'
am__fastdepCC_FALSE='#'
am__fastdepCC_TRUE=''
am__include='include'
am__isrc=''
am__leading_dot='.'
am__quote=''
am__tar='${AMTAR} chof - "$$tardir"'
am__untar='${AMTAR} xf -'
bindir='${exec_prefix}/bin'
build='x86_64-unknown-linux-gnu'
build_alias=''
build_cpu='x86_64'
build_os='linux-gnu'
build_vendor='unknown'
datadir='${datarootdir}'
datarootdir='${prefix}/share'
docdir='${datarootdir}/doc/${PACKAGE_TARNAME}'
dvidir='${docdir}'
exec_prefix='${prefix}'
host='x86_64-unknown-linux-gnu'
host_alias=''
host_cpu='x86_64'
host_os='linux-gnu'
host_vendor='unknown'
htmldir='${docdir}'
includedir='${prefix}/include'
infodir='${datarootdir}/info'
install_sh='${SHELL} /ntss7/ayubd-ng/lib/judy/install-sh'
libdir='${exec_prefix}/lib'
libexecdir='${exec_prefix}/libexec'
localedir='${datarootdir}/locale'
localstatedir='${prefix}/var'
lt_ECHO='echo'
mandir='${datarootdir}/man'
mkdir_p='/bin/mkdir -p'
oldincludedir='/usr/include'
pdfdir='${docdir}'
prefix='/usr/local'
program_transform_name='s,x,x,'
psdir='${docdir}'
sbindir='${exec_prefix}/sbin'
sharedstatedir='${prefix}/com'
sysconfdir='${prefix}/etc'
target_alias=''

## ----------- ##
## confdefs.h. ##
## ----------- ##

#define PACKAGE_NAME "Judy"
#define PACKAGE_TARNAME "judy"
#define PACKAGE_VERSION "1.0.5"
#define PACKAGE_STRING "Judy 1.0.5"
#define PACKAGE_BUGREPORT "dougbaskins@yahoo.com"
#define PACKAGE "Judy"
#define VERSION "1.0.5"
#define STDC_HEADERS 1
#define HAVE_SYS_TYPES_H 1
#define HAVE_SYS_STAT_H 1
#define HAVE_STDLIB_H 1
#define HAVE_STRING_H 1
#define HAVE_MEMORY_H 1
#define HAVE_STRINGS_H 1
#define HAVE_INTTYPES_H 1
#define HAVE_STDINT_H 1
#define HAVE_UNISTD_H 1
#define HAVE_FCNTL_H 1
#define HAVE_INTTYPES_H 1
#define HAVE_LIMITS_H 1
#define HAVE_MALLOC_H 1
#define HAVE_STDDEF_H 1
#define HAVE_STDINT_H 1
#define HAVE_STDLIB_H 1
#define HAVE_STRING_H 1
#define HAVE_STRINGS_H 1
#define HAVE_SYS_PARAM_H 1
#define HAVE_SYS_TIME_H 1
#define HAVE_UNISTD_H 1
#define HAVE__BOOL 1
#define HAVE_STDBOOL_H 1
#define TIME_WITH_SYS_TIME 1
#define HAVE_PTRDIFF_T 1
#define JU_LITTLE_ENDIAN 1
#define SIZEOF_VOID_P 8
#define HAVE_STDLIB_H 1
#define HAVE_MALLOC 1
#define HAVE_STDLIB_H 1
#define HAVE_UNISTD_H 1
#define HAVE_GETPAGESIZE 1
#define HAVE_MMAP 1
#define LSTAT_FOLLOWS_SLASHED_SYMLINK 1
#define HAVE_VPRINTF 1
#define HAVE_GETPAGESIZE 1
#define HAVE_GETTIMEOFDAY 1
#define HAVE_MEMSET 1
#define HAVE_MUNMAP 1
#define HAVE_STRCHR 1
#define HAVE_STRCSPN 1
#define HAVE_STRERROR 1
#define HAVE_STRSTR 1
#define HAVE_STRTOUL 1
#define HAVE_UNAME 1
#define HAVE_DLFCN_H 1
#define LT_OBJDIR ".libs/"

configure: exit 0
